Arguments: 
  /Users/ynobuhar/.nodenv/versions/16.14.0/bin/node /usr/local/Cellar/yarn/1.22.17_2/libexec/bin/yarn.js add chart.js

PATH: 
  /Users/ynobuhar/.nodenv/versions/16.14.0/bin:/usr/local/Cellar/nodenv/1.4.0/libexec:/usr/local/opt/go/libexec/bin:/usr/local/Cellar/go/1.18.3/bin:/Users/ynobuhar/command:/Users/ynobuhar/.nodenv/shims:/Users/ynobuhar/.nodebrew/current/bin:/usr/local/bin:/System/Cryptexes/App/usr/bin:/usr/bin:/bin:/usr/sbin:/sbin:/Library/Apple/usr/bin:/Users/ynobuhar/Desktop/project/own/1on1/node_modules/.bin:/usr/local/Cellar/go/1.18.3:bin

Yarn version: 
  1.22.17

Node version: 
  16.14.0

Platform: 
  darwin x64

Trace: 
  Error: getaddrinfo ENOTFOUND edge.artifactory.corp.yahoo.co.jp
      at GetAddrInfoReqWrap.onlookup [as oncomplete] (node:dns:71:26)

npm manifest: 
  {
    "name": "1on1",
    "version": "1.0.0",
    "main": "index.js",
    "license": "MIT",
    "scripts": {
      "build-browser": "webpack --config=./webpack.browser.config.js && cp ./public/* dist",
      "build-electron": "webpack --config webpack.electron.config.js",
      "build": "npm run build-browser && npm run build-electron",
      "start": "electron ./dist/electron.js",
      "dev": "npm run build && npm run start"
    },
    "devDependencies": {
      "@types/electron": "^1.6.10",
      "@types/react": "^18.2.20",
      "@types/react-dom": "^18.2.7",
      "ts-loader": "^9.4.4",
      "typescript": "^5.1.6",
      "webpack": "^5.88.2",
      "webpack-cli": "^5.1.4"
    },
    "dependencies": {
      "bootstrap": "^5.3.1",
      "electron": "^25.5.0",
      "fs": "^0.0.1-security",
      "path": "^0.12.7",
      "react": "^18.2.0",
      "react-bootstrap": "^2.8.0",
      "react-chartjs-2": "^5.2.0",
      "react-dom": "^18.2.0",
      "react-icons": "^4.10.1"
    }
  }

yarn manifest: 
  No manifest

Lockfile: 
  # THIS IS AN AUTOGENERATED FILE. DO NOT EDIT THIS FILE DIRECTLY.
  # yarn lockfile v1
  
  
  "@babel/runtime@^7.21.0", "@babel/runtime@^7.5.5", "@babel/runtime@^7.6.3", "@babel/runtime@^7.8.7":
    version "7.22.10"
    resolved "http://edge.artifactory.corp.yahoo.co.jp:8000/artifactory/api/npm/apj-npm/@babel/runtime/-/runtime-7.22.10.tgz#ae3e9631fd947cb7e3610d3e9d8fef5f76696682"
    integrity sha512-21t/fkKLMZI4pqP2wlmsQAWnYW1PDyKyyUV4vCi+B25ydmdaYTKXPwCj0BzSUnZf4seIiYvSA3jcZ3gdsMFkLQ==
    dependencies:
      regenerator-runtime "^0.14.0"
  
  "@discoveryjs/json-ext@^0.5.0":
    version "0.5.7"
    resolved "http://edge.artifactory.corp.yahoo.co.jp:8000/artifactory/api/npm/apj-npm/@discoveryjs/json-ext/-/json-ext-0.5.7.tgz#1d572bfbbe14b7704e0ba0f39b74815b84870d70"
    integrity sha512-dBVuXR082gk3jsFp7Rd/JI4kytwGHecnCoTtXFb7DB6CNHp4rg5k1bhg0nWdLGLnOV71lmDzGQaLMy8iPLY0pw==
  
  "@electron/get@^2.0.0":
    version "2.0.2"
    resolved "http://edge.artifactory.corp.yahoo.co.jp:8000/artifactory/api/npm/apj-npm/@electron/get/-/get-2.0.2.tgz#ae2a967b22075e9c25aaf00d5941cd79c21efd7e"
    integrity sha512-eFZVFoRXb3GFGd7Ak7W4+6jBl9wBtiZ4AaYOse97ej6mKj5tkyO0dUnUChs1IhJZtx1BENo4/p4WUTXpi6vT+g==
    dependencies:
      debug "^4.1.1"
      env-paths "^2.2.0"
      fs-extra "^8.1.0"
      got "^11.8.5"
      progress "^2.0.3"
      semver "^6.2.0"
      sumchecker "^3.0.1"
    optionalDependencies:
      global-agent "^3.0.0"
  
  "@jridgewell/gen-mapping@^0.3.0":
    version "0.3.3"
    resolved "http://edge.artifactory.corp.yahoo.co.jp:8000/artifactory/api/npm/apj-npm/@jridgewell/gen-mapping/-/gen-mapping-0.3.3.tgz#7e02e6eb5df901aaedb08514203b096614024098"
    integrity sha512-HLhSWOLRi875zjjMG/r+Nv0oCW8umGb0BgEhyX3dDX3egwZtB8PqLnjz3yedt8R5StBrzcg4aBpnh8UA9D1BoQ==
    dependencies:
      "@jridgewell/set-array" "^1.0.1"
      "@jridgewell/sourcemap-codec" "^1.4.10"
      "@jridgewell/trace-mapping" "^0.3.9"
  
  "@jridgewell/resolve-uri@^3.1.0":
    version "3.1.1"
    resolved "http://edge.artifactory.corp.yahoo.co.jp:8000/artifactory/api/npm/apj-npm/@jridgewell/resolve-uri/-/resolve-uri-3.1.1.tgz#c08679063f279615a3326583ba3a90d1d82cc721"
    integrity sha512-dSYZh7HhCDtCKm4QakX0xFpsRDqjjtZf/kjI/v3T3Nwt5r8/qz/M19F9ySyOqU94SXBmeG9ttTul+YnR4LOxFA==
  
  "@jridgewell/set-array@^1.0.1":
    version "1.1.2"
    resolved "http://edge.artifactory.corp.yahoo.co.jp:8000/artifactory/api/npm/apj-npm/@jridgewell/set-array/-/set-array-1.1.2.tgz#7c6cf998d6d20b914c0a55a91ae928ff25965e72"
    integrity sha512-xnkseuNADM0gt2bs+BvhO0p78Mk762YnZdsuzFV018NoG1Sj1SCQvpSqa7XUaTam5vAGasABV9qXASMKnFMwMw==
  
  "@jridgewell/source-map@^0.3.3":
    version "0.3.5"
    resolved "http://edge.artifactory.corp.yahoo.co.jp:8000/artifactory/api/npm/apj-npm/@jridgewell/source-map/-/source-map-0.3.5.tgz#a3bb4d5c6825aab0d281268f47f6ad5853431e91"
    integrity sha512-UTYAUj/wviwdsMfzoSJspJxbkH5o1snzwX0//0ENX1u/55kkZZkcTZP6u9bwKGkv+dkk9at4m1Cpt0uY80kcpQ==
    dependencies:
      "@jridgewell/gen-mapping" "^0.3.0"
      "@jridgewell/trace-mapping" "^0.3.9"
  
  "@jridgewell/sourcemap-codec@^1.4.10", "@jridgewell/sourcemap-codec@^1.4.14":
    version "1.4.15"
    resolved "http://edge.artifactory.corp.yahoo.co.jp:8000/artifactory/api/npm/apj-npm/@jridgewell/sourcemap-codec/-/sourcemap-codec-1.4.15.tgz#d7c6e6755c78567a951e04ab52ef0fd26de59f32"
    integrity sha512-eF2rxCRulEKXHTRiDrDy6erMYWqNw4LPdQ8UQA4huuxaQsVeRPFl2oM8oDGxMFhJUWZf9McpLtJasDDZb/Bpeg==
  
  "@jridgewell/trace-mapping@^0.3.17", "@jridgewell/trace-mapping@^0.3.9":
    version "0.3.19"
    resolved "http://edge.artifactory.corp.yahoo.co.jp:8000/artifactory/api/npm/apj-npm/@jridgewell/trace-mapping/-/trace-mapping-0.3.19.tgz#f8a3249862f91be48d3127c3cfe992f79b4b8811"
    integrity sha512-kf37QtfW+Hwx/buWGMPcR60iF9ziHa6r/CZJIHbmcm4+0qrXiVdxegAH0F6yddEVQ7zdkjcGCgCzUu+BcbhQxw==
    dependencies:
      "@jridgewell/resolve-uri" "^3.1.0"
      "@jridgewell/sourcemap-codec" "^1.4.14"
  
  "@popperjs/core@^2.11.6":
    version "2.11.8"
    resolved "http://edge.artifactory.corp.yahoo.co.jp:8000/artifactory/api/npm/apj-npm/@popperjs/core/-/core-2.11.8.tgz#6b79032e760a0899cd4204710beede972a3a185f"
    integrity sha512-P1st0aksCrn9sGZhp8GMYwBnQsbvAWsZAX44oXNNvLHGqAOcoVxmjZiohstwQ7SqKnbR47akdNi+uleWD8+g6A==
  
  "@react-aria/ssr@^3.5.0":
    version "3.7.1"
    resolved "http://edge.artifactory.corp.yahoo.co.jp:8000/artifactory/api/npm/apj-npm/@react-aria/ssr/-/ssr-3.7.1.tgz#11d0fac17e50028459aad325c2d093dbb2960f68"
    integrity sha512-ovVPSD1WlRpZHt7GI9DqJrWG3OIYS+NXQ9y5HIewMJpSe+jPQmMQfyRmgX4EnvmxSlp0u04Wg/7oItcoSIb/RA==
    dependencies:
      "@swc/helpers" "^0.5.0"
  
  "@restart/hooks@^0.4.9":
    version "0.4.11"
    resolved "http://edge.artifactory.corp.yahoo.co.jp:8000/artifactory/api/npm/apj-npm/@restart/hooks/-/hooks-0.4.11.tgz#8876ccce1d4ad2a4b793a31689d63df36cf56088"
    integrity sha512-Ft/ncTULZN6ldGHiF/k5qt72O8JyRMOeg0tApvCni8LkoiEahO+z3TNxfXIVGy890YtWVDvJAl662dVJSJXvMw==
    dependencies:
      dequal "^2.0.3"
  
  "@restart/ui@^1.6.3":
    version "1.6.6"
    resolved "http://edge.artifactory.corp.yahoo.co.jp:8000/artifactory/api/npm/apj-npm/@restart/ui/-/ui-1.6.6.tgz#3481e2eaf15d7cae55bb2f518624e10d19c75800"
    integrity sha512-eC3puKuWE1SRYbojWHXnvCNHGgf3uzHCb6JOhnF4OXPibOIPEkR1sqDSkL643ydigxwh+ruCa1CmYHlzk7ikKA==
    dependencies:
      "@babel/runtime" "^7.21.0"
      "@popperjs/core" "^2.11.6"
      "@react-aria/ssr" "^3.5.0"
      "@restart/hooks" "^0.4.9"
      "@types/warning" "^3.0.0"
      dequal "^2.0.3"
      dom-helpers "^5.2.0"
      uncontrollable "^8.0.1"
      warning "^4.0.3"
  
  "@sindresorhus/is@^4.0.0":
    version "4.6.0"
    resolved "http://edge.artifactory.corp.yahoo.co.jp:8000/artifactory/api/npm/apj-npm/@sindresorhus/is/-/is-4.6.0.tgz#3c7c9c46e678feefe7a2e5bb609d3dbd665ffb3f"
    integrity sha512-t09vSN3MdfsyCHoFcTRCH/iUtG7OJ0CsjzB8cjAmKc/va/kIgeDI/TxsigdncE/4be734m0cvIYwNaV4i2XqAw==
  
  "@swc/helpers@^0.5.0":
    version "0.5.1"
    resolved "http://edge.artifactory.corp.yahoo.co.jp:8000/artifactory/api/npm/apj-npm/@swc/helpers/-/helpers-0.5.1.tgz#e9031491aa3f26bfcc974a67f48bd456c8a5357a"
    integrity sha512-sJ902EfIzn1Fa+qYmjdQqh8tPsoxyBz+8yBKC2HKUxyezKJFwPGOn7pv4WY6QuQW//ySQi5lJjA/ZT9sNWWNTg==
    dependencies:
      tslib "^2.4.0"
  
  "@szmarczak/http-timer@^4.0.5":
    version "4.0.6"
    resolved "http://edge.artifactory.corp.yahoo.co.jp:8000/artifactory/api/npm/apj-npm/@szmarczak/http-timer/-/http-timer-4.0.6.tgz#b4a914bb62e7c272d4e5989fe4440f812ab1d807"
    integrity sha512-4BAffykYOgO+5nzBWYwE3W90sBgLJoUPRWWcL8wlyiM8IB8ipJz3UMJ9KXQd1RKQXpKp8Tutn80HZtWsu2u76w==
    dependencies:
      defer-to-connect "^2.0.0"
  
  "@types/cacheable-request@^6.0.1":
    version "6.0.3"
    resolved "http://edge.artifactory.corp.yahoo.co.jp:8000/artifactory/api/npm/apj-npm/@types/cacheable-request/-/cacheable-request-6.0.3.tgz#a430b3260466ca7b5ca5bfd735693b36e7a9d183"
    integrity sha512-IQ3EbTzGxIigb1I3qPZc1rWJnH0BmSKv5QYTalEwweFvyBDLSAe24zP0le/hyi7ecGfZVlIVAg4BZqb8WBwKqw==
    dependencies:
      "@types/http-cache-semantics" "*"
      "@types/keyv" "^3.1.4"
      "@types/node" "*"
      "@types/responselike" "^1.0.0"
  
  "@types/electron@^1.6.10":
    version "1.6.10"
    resolved "http://edge.artifactory.corp.yahoo.co.jp:8000/artifactory/api/npm/apj-npm/@types/electron/-/electron-1.6.10.tgz#7e87888ed3888767cca68e92772c2c8ea46bc873"
    integrity sha512-MOCVyzIwkBEloreoCVrTV108vSf8fFIJPsGruLCoAoBZdxtnJUqKA4lNonf/2u1twSjAspPEfmEheC+TLm/cMw==
    dependencies:
      electron "*"
  
  "@types/eslint-scope@^3.7.3":
    version "3.7.4"
    resolved "http://edge.artifactory.corp.yahoo.co.jp:8000/artifactory/api/npm/apj-npm/@types/eslint-scope/-/eslint-scope-3.7.4.tgz#37fc1223f0786c39627068a12e94d6e6fc61de16"
    integrity sha512-9K4zoImiZc3HlIp6AVUDE4CWYx22a+lhSZMYNpbjW04+YF0KWj4pJXnEMjdnFTiQibFFmElcsasJXDbdI/EPhA==
    dependencies:
      "@types/eslint" "*"
      "@types/estree" "*"
  
  "@types/eslint@*":
    version "8.44.2"
    resolved "http://edge.artifactory.corp.yahoo.co.jp:8000/artifactory/api/npm/apj-npm/@types/eslint/-/eslint-8.44.2.tgz#0d21c505f98a89b8dd4d37fa162b09da6089199a"
    integrity sha512-sdPRb9K6iL5XZOmBubg8yiFp5yS/JdUDQsq5e6h95km91MCYMuvp7mh1fjPEYUhvHepKpZOjnEaMBR4PxjWDzg==
    dependencies:
      "@types/estree" "*"
      "@types/json-schema" "*"
  
  "@types/estree@*", "@types/estree@^1.0.0":
    version "1.0.1"
    resolved "http://edge.artifactory.corp.yahoo.co.jp:8000/artifactory/api/npm/apj-npm/@types/estree/-/estree-1.0.1.tgz#aa22750962f3bf0e79d753d3cc067f010c95f194"
    integrity sha512-LG4opVs2ANWZ1TJoKc937iMmNstM/d0ae1vNbnBvBhqCSezgVUOzcLCqbI5elV8Vy6WKwKjaqR+zO9VKirBBCA==
  
  "@types/http-cache-semantics@*":
    version "4.0.1"
    resolved "http://edge.artifactory.corp.yahoo.co.jp:8000/artifactory/api/npm/apj-npm/@types/http-cache-semantics/-/http-cache-semantics-4.0.1.tgz#0ea7b61496902b95890dc4c3a116b60cb8dae812"
    integrity sha512-SZs7ekbP8CN0txVG2xVRH6EgKmEm31BOxA07vkFaETzZz1xh+cbt8BcI0slpymvwhx5dlFnQG2rTlPVQn+iRPQ==
  
  "@types/json-schema@*", "@types/json-schema@^7.0.8":
    version "7.0.12"
    resolved "http://edge.artifactory.corp.yahoo.co.jp:8000/artifactory/api/npm/apj-npm/@types/json-schema/-/json-schema-7.0.12.tgz#d70faba7039d5fca54c83c7dbab41051d2b6f6cb"
    integrity sha512-Hr5Jfhc9eYOQNPYO5WLDq/n4jqijdHNlDXjuAQkkt+mWdQR+XJToOHrsD4cPaMXpn6KO7y2+wM8AZEs8VpBLVA==
  
  "@types/keyv@^3.1.4":
    version "3.1.4"
    resolved "http://edge.artifactory.corp.yahoo.co.jp:8000/artifactory/api/npm/apj-npm/@types/keyv/-/keyv-3.1.4.tgz#3ccdb1c6751b0c7e52300bcdacd5bcbf8faa75b6"
    integrity sha512-BQ5aZNSCpj7D6K2ksrRCTmKRLEpnPvWDiLPfoGyhZ++8YtiK9d/3DBKPJgry359X/P1PfruyYwvnvwFjuEiEIg==
    dependencies:
      "@types/node" "*"
  
  "@types/node@*":
    version "20.4.9"
    resolved "http://edge.artifactory.corp.yahoo.co.jp:8000/artifactory/api/npm/apj-npm/@types/node/-/node-20.4.9.tgz#c7164e0f8d3f12dfae336af0b1f7fdec8c6b204f"
    integrity sha512-8e2HYcg7ohnTUbHk8focoklEQYvemQmu9M/f43DZVx43kHn0tE3BY/6gSDxS7k0SprtS0NHvj+L80cGLnoOUcQ==
  
  "@types/node@^18.11.18":
    version "18.17.5"
    resolved "http://edge.artifactory.corp.yahoo.co.jp:8000/artifactory/api/npm/apj-npm/@types/node/-/node-18.17.5.tgz#c58b12bca8c2a437b38c15270615627e96dd0bc5"
    integrity sha512-xNbS75FxH6P4UXTPUJp/zNPq6/xsfdJKussCWNOnz4aULWIRwMgP1LgaB5RiBnMX1DPCYenuqGZfnIAx5mbFLA==
  
  "@types/prop-types@*":
    version "15.7.5"
    resolved "http://edge.artifactory.corp.yahoo.co.jp:8000/artifactory/api/npm/apj-npm/@types/prop-types/-/prop-types-15.7.5.tgz#5f19d2b85a98e9558036f6a3cacc8819420f05cf"
    integrity sha512-JCB8C6SnDoQf0cNycqd/35A7MjcnK+ZTqE7judS6o7utxUCg6imJg3QK2qzHKszlTjcj2cn+NwMB2i96ubpj7w==
  
  "@types/react-dom@^18.2.7":
    version "18.2.7"
    resolved "http://edge.artifactory.corp.yahoo.co.jp:8000/artifactory/api/npm/apj-npm/@types/react-dom/-/react-dom-18.2.7.tgz#67222a08c0a6ae0a0da33c3532348277c70abb63"
    integrity sha512-GRaAEriuT4zp9N4p1i8BDBYmEyfo+xQ3yHjJU4eiK5NDa1RmUZG+unZABUTK4/Ox/M+GaHwb6Ow8rUITrtjszA==
    dependencies:
      "@types/react" "*"
  
  "@types/react-transition-group@^4.4.5":
    version "4.4.6"
    resolved "http://edge.artifactory.corp.yahoo.co.jp:8000/artifactory/api/npm/apj-npm/@types/react-transition-group/-/react-transition-group-4.4.6.tgz#18187bcda5281f8e10dfc48f0943e2fdf4f75e2e"
    integrity sha512-VnCdSxfcm08KjsJVQcfBmhEQAPnLB8G08hAxn39azX1qYBQ/5RVQuoHuKIcfKOdncuaUvEpFKFzEvbtIMsfVew==
    dependencies:
      "@types/react" "*"
  
  "@types/react@*", "@types/react@>=16.9.11", "@types/react@^18.2.20":
    version "18.2.20"
    resolved "http://edge.artifactory.corp.yahoo.co.jp:8000/artifactory/api/npm/apj-npm/@types/react/-/react-18.2.20.tgz#1605557a83df5c8a2cc4eeb743b3dfc0eb6aaeb2"
    integrity sha512-WKNtmsLWJM/3D5mG4U84cysVY31ivmyw85dE84fOCk5Hx78wezB/XEjVPWl2JTZ5FkEeaTJf+VgUAUn3PE7Isw==
    dependencies:
      "@types/prop-types" "*"
      "@types/scheduler" "*"
      csstype "^3.0.2"
  
  "@types/responselike@^1.0.0":
    version "1.0.0"
    resolved "http://edge.artifactory.corp.yahoo.co.jp:8000/artifactory/api/npm/apj-npm/@types/responselike/-/responselike-1.0.0.tgz#251f4fe7d154d2bad125abe1b429b23afd262e29"
    integrity sha512-85Y2BjiufFzaMIlvJDvTTB8Fxl2xfLo4HgmHzVBz08w4wDePCTjYw66PdrolO0kzli3yam/YCgRufyo1DdQVTA==
    dependencies:
      "@types/node" "*"
  
  "@types/scheduler@*":
    version "0.16.3"
    resolved "http://edge.artifactory.corp.yahoo.co.jp:8000/artifactory/api/npm/apj-npm/@types/scheduler/-/scheduler-0.16.3.tgz#cef09e3ec9af1d63d2a6cc5b383a737e24e6dcf5"
    integrity sha512-5cJ8CB4yAx7BH1oMvdU0Jh9lrEXyPkar6F9G/ERswkCuvP4KQZfZkSjcMbAICCpQTN4OuZn8tz0HiKv9TGZgrQ==
  
  "@types/warning@^3.0.0":
    version "3.0.0"
    resolved "http://edge.artifactory.corp.yahoo.co.jp:8000/artifactory/api/npm/apj-npm/@types/warning/-/warning-3.0.0.tgz#0d2501268ad8f9962b740d387c4654f5f8e23e52"
    integrity sha512-t/Tvs5qR47OLOr+4E9ckN8AmP2Tf16gWq+/qA4iUGS/OOyHVO8wv2vjJuX8SNOUTJyWb+2t7wJm6cXILFnOROA==
  
  "@types/yauzl@^2.9.1":
    version "2.10.0"
    resolved "http://edge.artifactory.corp.yahoo.co.jp:8000/artifactory/api/npm/apj-npm/@types/yauzl/-/yauzl-2.10.0.tgz#b3248295276cf8c6f153ebe6a9aba0c988cb2599"
    integrity sha512-Cn6WYCm0tXv8p6k+A8PvbDG763EDpBoTzHdA+Q/MF6H3sapGjCm9NzoaJncJS9tUKSuCoDs9XHxYYsQDgxR6kw==
    dependencies:
      "@types/node" "*"
  
  "@webassemblyjs/ast@1.11.6", "@webassemblyjs/ast@^1.11.5":
    version "1.11.6"
    resolved "http://edge.artifactory.corp.yahoo.co.jp:8000/artifactory/api/npm/apj-npm/@webassemblyjs/ast/-/ast-1.11.6.tgz#db046555d3c413f8966ca50a95176a0e2c642e24"
    integrity sha512-IN1xI7PwOvLPgjcf180gC1bqn3q/QaOCwYUahIOhbYUu8KA/3tw2RT/T0Gidi1l7Hhj5D/INhJxiICObqpMu4Q==
    dependencies:
      "@webassemblyjs/helper-numbers" "1.11.6"
      "@webassemblyjs/helper-wasm-bytecode" "1.11.6"
  
  "@webassemblyjs/floating-point-hex-parser@1.11.6":
    version "1.11.6"
    resolved "http://edge.artifactory.corp.yahoo.co.jp:8000/artifactory/api/npm/apj-npm/@webassemblyjs/floating-point-hex-parser/-/floating-point-hex-parser-1.11.6.tgz#dacbcb95aff135c8260f77fa3b4c5fea600a6431"
    integrity sha512-ejAj9hfRJ2XMsNHk/v6Fu2dGS+i4UaXBXGemOfQ/JfQ6mdQg/WXtwleQRLLS4OvfDhv8rYnVwH27YJLMyYsxhw==
  
  "@webassemblyjs/helper-api-error@1.11.6":
    version "1.11.6"
    resolved "http://edge.artifactory.corp.yahoo.co.jp:8000/artifactory/api/npm/apj-npm/@webassemblyjs/helper-api-error/-/helper-api-error-1.11.6.tgz#6132f68c4acd59dcd141c44b18cbebbd9f2fa768"
    integrity sha512-o0YkoP4pVu4rN8aTJgAyj9hC2Sv5UlkzCHhxqWj8butaLvnpdc2jOwh4ewE6CX0txSfLn/UYaV/pheS2Txg//Q==
  
  "@webassemblyjs/helper-buffer@1.11.6":
    version "1.11.6"
    resolved "http://edge.artifactory.corp.yahoo.co.jp:8000/artifactory/api/npm/apj-npm/@webassemblyjs/helper-buffer/-/helper-buffer-1.11.6.tgz#b66d73c43e296fd5e88006f18524feb0f2c7c093"
    integrity sha512-z3nFzdcp1mb8nEOFFk8DrYLpHvhKC3grJD2ardfKOzmbmJvEf/tPIqCY+sNcwZIY8ZD7IkB2l7/pqhUhqm7hLA==
  
  "@webassemblyjs/helper-numbers@1.11.6":
    version "1.11.6"
    resolved "http://edge.artifactory.corp.yahoo.co.jp:8000/artifactory/api/npm/apj-npm/@webassemblyjs/helper-numbers/-/helper-numbers-1.11.6.tgz#cbce5e7e0c1bd32cf4905ae444ef64cea919f1b5"
    integrity sha512-vUIhZ8LZoIWHBohiEObxVm6hwP034jwmc9kuq5GdHZH0wiLVLIPcMCdpJzG4C11cHoQ25TFIQj9kaVADVX7N3g==
    dependencies:
      "@webassemblyjs/floating-point-hex-parser" "1.11.6"
      "@webassemblyjs/helper-api-error" "1.11.6"
      "@xtuc/long" "4.2.2"
  
  "@webassemblyjs/helper-wasm-bytecode@1.11.6":
    version "1.11.6"
    resolved "http://edge.artifactory.corp.yahoo.co.jp:8000/artifactory/api/npm/apj-npm/@webassemblyjs/helper-wasm-bytecode/-/helper-wasm-bytecode-1.11.6.tgz#bb2ebdb3b83aa26d9baad4c46d4315283acd51e9"
    integrity sha512-sFFHKwcmBprO9e7Icf0+gddyWYDViL8bpPjJJl0WHxCdETktXdmtWLGVzoHbqUcY4Be1LkNfwTmXOJUFZYSJdA==
  
  "@webassemblyjs/helper-wasm-section@1.11.6":
    version "1.11.6"
    resolved "http://edge.artifactory.corp.yahoo.co.jp:8000/artifactory/api/npm/apj-npm/@webassemblyjs/helper-wasm-section/-/helper-wasm-section-1.11.6.tgz#ff97f3863c55ee7f580fd5c41a381e9def4aa577"
    integrity sha512-LPpZbSOwTpEC2cgn4hTydySy1Ke+XEu+ETXuoyvuyezHO3Kjdu90KK95Sh9xTbmjrCsUwvWwCOQQNta37VrS9g==
    dependencies:
      "@webassemblyjs/ast" "1.11.6"
      "@webassemblyjs/helper-buffer" "1.11.6"
      "@webassemblyjs/helper-wasm-bytecode" "1.11.6"
      "@webassemblyjs/wasm-gen" "1.11.6"
  
  "@webassemblyjs/ieee754@1.11.6":
    version "1.11.6"
    resolved "http://edge.artifactory.corp.yahoo.co.jp:8000/artifactory/api/npm/apj-npm/@webassemblyjs/ieee754/-/ieee754-1.11.6.tgz#bb665c91d0b14fffceb0e38298c329af043c6e3a"
    integrity sha512-LM4p2csPNvbij6U1f19v6WR56QZ8JcHg3QIJTlSwzFcmx6WSORicYj6I63f9yU1kEUtrpG+kjkiIAkevHpDXrg==
    dependencies:
      "@xtuc/ieee754" "^1.2.0"
  
  "@webassemblyjs/leb128@1.11.6":
    version "1.11.6"
    resolved "http://edge.artifactory.corp.yahoo.co.jp:8000/artifactory/api/npm/apj-npm/@webassemblyjs/leb128/-/leb128-1.11.6.tgz#70e60e5e82f9ac81118bc25381a0b283893240d7"
    integrity sha512-m7a0FhE67DQXgouf1tbN5XQcdWoNgaAuoULHIfGFIEVKA6tu/edls6XnIlkmS6FrXAquJRPni3ZZKjw6FSPjPQ==
    dependencies:
      "@xtuc/long" "4.2.2"
  
  "@webassemblyjs/utf8@1.11.6":
    version "1.11.6"
    resolved "http://edge.artifactory.corp.yahoo.co.jp:8000/artifactory/api/npm/apj-npm/@webassemblyjs/utf8/-/utf8-1.11.6.tgz#90f8bc34c561595fe156603be7253cdbcd0fab5a"
    integrity sha512-vtXf2wTQ3+up9Zsg8sa2yWiQpzSsMyXj0qViVP6xKGCUT8p8YJ6HqI7l5eCnWx1T/FYdsv07HQs2wTFbbof/RA==
  
  "@webassemblyjs/wasm-edit@^1.11.5":
    version "1.11.6"
    resolved "http://edge.artifactory.corp.yahoo.co.jp:8000/artifactory/api/npm/apj-npm/@webassemblyjs/wasm-edit/-/wasm-edit-1.11.6.tgz#c72fa8220524c9b416249f3d94c2958dfe70ceab"
    integrity sha512-Ybn2I6fnfIGuCR+Faaz7YcvtBKxvoLV3Lebn1tM4o/IAJzmi9AWYIPWpyBfU8cC+JxAO57bk4+zdsTjJR+VTOw==
    dependencies:
      "@webassemblyjs/ast" "1.11.6"
      "@webassemblyjs/helper-buffer" "1.11.6"
      "@webassemblyjs/helper-wasm-bytecode" "1.11.6"
      "@webassemblyjs/helper-wasm-section" "1.11.6"
      "@webassemblyjs/wasm-gen" "1.11.6"
      "@webassemblyjs/wasm-opt" "1.11.6"
      "@webassemblyjs/wasm-parser" "1.11.6"
      "@webassemblyjs/wast-printer" "1.11.6"
  
  "@webassemblyjs/wasm-gen@1.11.6":
    version "1.11.6"
    resolved "http://edge.artifactory.corp.yahoo.co.jp:8000/artifactory/api/npm/apj-npm/@webassemblyjs/wasm-gen/-/wasm-gen-1.11.6.tgz#fb5283e0e8b4551cc4e9c3c0d7184a65faf7c268"
    integrity sha512-3XOqkZP/y6B4F0PBAXvI1/bky7GryoogUtfwExeP/v7Nzwo1QLcq5oQmpKlftZLbT+ERUOAZVQjuNVak6UXjPA==
    dependencies:
      "@webassemblyjs/ast" "1.11.6"
      "@webassemblyjs/helper-wasm-bytecode" "1.11.6"
      "@webassemblyjs/ieee754" "1.11.6"
      "@webassemblyjs/leb128" "1.11.6"
      "@webassemblyjs/utf8" "1.11.6"
  
  "@webassemblyjs/wasm-opt@1.11.6":
    version "1.11.6"
    resolved "http://edge.artifactory.corp.yahoo.co.jp:8000/artifactory/api/npm/apj-npm/@webassemblyjs/wasm-opt/-/wasm-opt-1.11.6.tgz#d9a22d651248422ca498b09aa3232a81041487c2"
    integrity sha512-cOrKuLRE7PCe6AsOVl7WasYf3wbSo4CeOk6PkrjS7g57MFfVUF9u6ysQBBODX0LdgSvQqRiGz3CXvIDKcPNy4g==
    dependencies:
      "@webassemblyjs/ast" "1.11.6"
      "@webassemblyjs/helper-buffer" "1.11.6"
      "@webassemblyjs/wasm-gen" "1.11.6"
      "@webassemblyjs/wasm-parser" "1.11.6"
  
  "@webassemblyjs/wasm-parser@1.11.6", "@webassemblyjs/wasm-parser@^1.11.5":
    version "1.11.6"
    resolved "http://edge.artifactory.corp.yahoo.co.jp:8000/artifactory/api/npm/apj-npm/@webassemblyjs/wasm-parser/-/wasm-parser-1.11.6.tgz#bb85378c527df824004812bbdb784eea539174a1"
    integrity sha512-6ZwPeGzMJM3Dqp3hCsLgESxBGtT/OeCvCZ4TA1JUPYgmhAx38tTPR9JaKy0S5H3evQpO/h2uWs2j6Yc/fjkpTQ==
    dependencies:
      "@webassemblyjs/ast" "1.11.6"
      "@webassemblyjs/helper-api-error" "1.11.6"
      "@webassemblyjs/helper-wasm-bytecode" "1.11.6"
      "@webassemblyjs/ieee754" "1.11.6"
      "@webassemblyjs/leb128" "1.11.6"
      "@webassemblyjs/utf8" "1.11.6"
  
  "@webassemblyjs/wast-printer@1.11.6":
    version "1.11.6"
    resolved "http://edge.artifactory.corp.yahoo.co.jp:8000/artifactory/api/npm/apj-npm/@webassemblyjs/wast-printer/-/wast-printer-1.11.6.tgz#a7bf8dd7e362aeb1668ff43f35cb849f188eff20"
    integrity sha512-JM7AhRcE+yW2GWYaKeHL5vt4xqee5N2WcezptmgyhNS+ScggqcT1OtXykhAb13Sn5Yas0j2uv9tHgrjwvzAP4A==
    dependencies:
      "@webassemblyjs/ast" "1.11.6"
      "@xtuc/long" "4.2.2"
  
  "@webpack-cli/configtest@^2.1.1":
    version "2.1.1"
    resolved "http://edge.artifactory.corp.yahoo.co.jp:8000/artifactory/api/npm/apj-npm/@webpack-cli/configtest/-/configtest-2.1.1.tgz#3b2f852e91dac6e3b85fb2a314fb8bef46d94646"
    integrity sha512-wy0mglZpDSiSS0XHrVR+BAdId2+yxPSoJW8fsna3ZpYSlufjvxnP4YbKTCBZnNIcGN4r6ZPXV55X4mYExOfLmw==
  
  "@webpack-cli/info@^2.0.2":
    version "2.0.2"
    resolved "http://edge.artifactory.corp.yahoo.co.jp:8000/artifactory/api/npm/apj-npm/@webpack-cli/info/-/info-2.0.2.tgz#cc3fbf22efeb88ff62310cf885c5b09f44ae0fdd"
    integrity sha512-zLHQdI/Qs1UyT5UBdWNqsARasIA+AaF8t+4u2aS2nEpBQh2mWIVb8qAklq0eUENnC5mOItrIB4LiS9xMtph18A==
  
  "@webpack-cli/serve@^2.0.5":
    version "2.0.5"
    resolved "http://edge.artifactory.corp.yahoo.co.jp:8000/artifactory/api/npm/apj-npm/@webpack-cli/serve/-/serve-2.0.5.tgz#325db42395cd49fe6c14057f9a900e427df8810e"
    integrity sha512-lqaoKnRYBdo1UgDX8uF24AfGMifWK19TxPmM5FHc2vAGxrJ/qtyUyFBWoY1tISZdelsQ5fBcOusifo5o5wSJxQ==
  
  "@xtuc/ieee754@^1.2.0":
    version "1.2.0"
    resolved "http://edge.artifactory.corp.yahoo.co.jp:8000/artifactory/api/npm/apj-npm/@xtuc/ieee754/-/ieee754-1.2.0.tgz#eef014a3145ae477a1cbc00cd1e552336dceb790"
    integrity sha512-DX8nKgqcGwsc0eJSqYt5lwP4DH5FlHnmuWWBRy7X0NcaGR0ZtuyeESgMwTYVEtxmsNGY+qit4QYT/MIYTOTPeA==
  
  "@xtuc/long@4.2.2":
    version "4.2.2"
    resolved "http://edge.artifactory.corp.yahoo.co.jp:8000/artifactory/api/npm/apj-npm/@xtuc/long/-/long-4.2.2.tgz#d291c6a4e97989b5c61d9acf396ae4fe133a718d"
    integrity sha512-NuHqBY1PB/D8xU6s/thBgOAiAP7HOYDQ32+BFZILJ8ivkUkAHQnWfn6WhL79Owj1qmUnoN/YPhktdIoucipkAQ==
  
  acorn-import-assertions@^1.9.0:
    version "1.9.0"
    resolved "http://edge.artifactory.corp.yahoo.co.jp:8000/artifactory/api/npm/apj-npm/acorn-import-assertions/-/acorn-import-assertions-1.9.0.tgz#507276249d684797c84e0734ef84860334cfb1ac"
    integrity sha512-cmMwop9x+8KFhxvKrKfPYmN6/pKTYYHBqLa0DfvVZcKMJWNyWLnaqND7dx/qn66R7ewM1UX5XMaDVP5wlVTaVA==
  
  acorn@^8.7.1, acorn@^8.8.2:
    version "8.10.0"
    resolved "http://edge.artifactory.corp.yahoo.co.jp:8000/artifactory/api/npm/apj-npm/acorn/-/acorn-8.10.0.tgz#8be5b3907a67221a81ab23c7889c4c5526b62ec5"
    integrity sha512-F0SAmZ8iUtS//m8DmCTA0jlh6TDKkHQyK6xc6V4KDTyZKA9dnvX9/3sRTVQrWm79glUAZbnmmNcdYwUIHWVybw==
  
  ajv-keywords@^3.5.2:
    version "3.5.2"
    resolved "http://edge.artifactory.corp.yahoo.co.jp:8000/artifactory/api/npm/apj-npm/ajv-keywords/-/ajv-keywords-3.5.2.tgz#31f29da5ab6e00d1c2d329acf7b5929614d5014d"
    integrity sha512-5p6WTN0DdTGVQk6VjcEju19IgaHudalcfabD7yhDGeA6bcQnmL+CpveLJq/3hvfwd1aof6L386Ougkx6RfyMIQ==
  
  ajv@^6.12.5:
    version "6.12.6"
    resolved "http://edge.artifactory.corp.yahoo.co.jp:8000/artifactory/api/npm/apj-npm/ajv/-/ajv-6.12.6.tgz#baf5a62e802b07d977034586f8c3baf5adf26df4"
    integrity sha512-j3fVLgvTo527anyYyJOGTYJbG+vnnQYvE0m5mmkc1TK+nxAppkCLMIL0aZ4dblVCNoGShhm+kzE4ZUykBoMg4g==
    dependencies:
      fast-deep-equal "^3.1.1"
      fast-json-stable-stringify "^2.0.0"
      json-schema-traverse "^0.4.1"
      uri-js "^4.2.2"
  
  ansi-styles@^4.1.0:
    version "4.3.0"
    resolved "http://edge.artifactory.corp.yahoo.co.jp:8000/artifactory/api/npm/apj-npm/ansi-styles/-/ansi-styles-4.3.0.tgz#edd803628ae71c04c85ae7a0906edad34b648937"
    integrity sha512-zbB9rCJAT1rbjiVDb2hqKFHNYLxgtk8NURxZ3IZwD3F6NtxbXZQCnnSi1Lkx+IDohdPlFp222wVALIheZJQSEg==
    dependencies:
      color-convert "^2.0.1"
  
  boolean@^3.0.1:
    version "3.2.0"
    resolved "http://edge.artifactory.corp.yahoo.co.jp:8000/artifactory/api/npm/apj-npm/boolean/-/boolean-3.2.0.tgz#9e5294af4e98314494cbb17979fa54ca159f116b"
    integrity sha512-d0II/GO9uf9lfUHH2BQsjxzRJZBdsjgsBiW4BvhWk/3qoKwQFjIDVN19PfX8F2D/r9PCMTtLWjYVCFrpeYUzsw==
  
  bootstrap@^5.3.1:
    version "5.3.1"
    resolved "http://edge.artifactory.corp.yahoo.co.jp:8000/artifactory/api/npm/apj-npm/bootstrap/-/bootstrap-5.3.1.tgz#8ca07040ad15d7f75891d1504cf14c5dedfb1cfe"
    integrity sha512-jzwza3Yagduci2x0rr9MeFSORjcHpt0lRZukZPZQJT1Dth5qzV7XcgGqYzi39KGAVYR8QEDVoO0ubFKOxzMG+g==
  
  braces@^3.0.2:
    version "3.0.2"
    resolved "http://edge.artifactory.corp.yahoo.co.jp:8000/artifactory/api/npm/apj-npm/braces/-/braces-3.0.2.tgz#3454e1a462ee8d599e236df336cd9ea4f8afe107"
    integrity sha512-b8um+L1RzM3WDSzvhm6gIz1yfTbBt6YTlcEKAvsmqCZZFw46z626lVj9j1yEPW33H5H+lBQpZMP1k8l+78Ha0A==
    dependencies:
      fill-range "^7.0.1"
  
  browserslist@^4.14.5:
    version "4.21.10"
    resolved "http://edge.artifactory.corp.yahoo.co.jp:8000/artifactory/api/npm/apj-npm/browserslist/-/browserslist-4.21.10.tgz#dbbac576628c13d3b2231332cb2ec5a46e015bb0"
    integrity sha512-bipEBdZfVH5/pwrvqc+Ub0kUPVfGUhlKxbvfD+z1BDnPEO/X98ruXGA1WP5ASpAFKan7Qr6j736IacbZQuAlKQ==
    dependencies:
      caniuse-lite "^1.0.30001517"
      electron-to-chromium "^1.4.477"
      node-releases "^2.0.13"
      update-browserslist-db "^1.0.11"
  
  buffer-crc32@~0.2.3:
    version "0.2.13"
    resolved "http://edge.artifactory.corp.yahoo.co.jp:8000/artifactory/api/npm/apj-npm/buffer-crc32/-/buffer-crc32-0.2.13.tgz#0d333e3f00eac50aa1454abd30ef8c2a5d9a7242"
    integrity sha512-VO9Ht/+p3SN7SKWqcrgEzjGbRSJYTx+Q1pTQC0wrWqHx0vpJraQ6GtHx8tvcg1rlK1byhU5gccxgOgj7B0TDkQ==
  
  buffer-from@^1.0.0:
    version "1.1.2"
    resolved "http://edge.artifactory.corp.yahoo.co.jp:8000/artifactory/api/npm/apj-npm/buffer-from/-/buffer-from-1.1.2.tgz#2b146a6fd72e80b4f55d255f35ed59a3a9a41bd5"
    integrity sha512-E+XQCRwSbaaiChtv6k6Dwgc+bx+Bs6vuKJHHl5kox/BaKbhiXzqQOwK4cO22yElGp2OCmjwVhT3HmxgyPGnJfQ==
  
  cacheable-lookup@^5.0.3:
    version "5.0.4"
    resolved "http://edge.artifactory.corp.yahoo.co.jp:8000/artifactory/api/npm/apj-npm/cacheable-lookup/-/cacheable-lookup-5.0.4.tgz#5a6b865b2c44357be3d5ebc2a467b032719a7005"
    integrity sha512-2/kNscPhpcxrOigMZzbiWF7dz8ilhb/nIHU3EyZiXWXpeq/au8qJ8VhdftMkty3n7Gj6HIGalQG8oiBNB3AJgA==
  
  cacheable-request@^7.0.2:
    version "7.0.4"
    resolved "http://edge.artifactory.corp.yahoo.co.jp:8000/artifactory/api/npm/apj-npm/cacheable-request/-/cacheable-request-7.0.4.tgz#7a33ebf08613178b403635be7b899d3e69bbe817"
    integrity sha512-v+p6ongsrp0yTGbJXjgxPow2+DL93DASP4kXCDKb8/bwRtt9OEF3whggkkDkGNzgcWy2XaF4a8nZglC7uElscg==
    dependencies:
      clone-response "^1.0.2"
      get-stream "^5.1.0"
      http-cache-semantics "^4.0.0"
      keyv "^4.0.0"
      lowercase-keys "^2.0.0"
      normalize-url "^6.0.1"
      responselike "^2.0.0"
  
  caniuse-lite@^1.0.30001517:
    version "1.0.30001519"
    resolved "http://edge.artifactory.corp.yahoo.co.jp:8000/artifactory/api/npm/apj-npm/caniuse-lite/-/caniuse-lite-1.0.30001519.tgz#3e7b8b8a7077e78b0eb054d69e6edf5c7df35601"
    integrity sha512-0QHgqR+Jv4bxHMp8kZ1Kn8CH55OikjKJ6JmKkZYP1F3D7w+lnFXF70nG5eNfsZS89jadi5Ywy5UCSKLAglIRkg==
  
  chalk@^4.1.0:
    version "4.1.2"
    resolved "http://edge.artifactory.corp.yahoo.co.jp:8000/artifactory/api/npm/apj-npm/chalk/-/chalk-4.1.2.tgz#aac4e2b7734a740867aeb16bf02aad556a1e7a01"
    integrity sha512-oKnbhFyRIXpUuez8iBMmyEa4nbj4IOQyuhc/wy9kY7/WVPcwIO9VA668Pu8RkO7+0G76SLROeyw9CpQ061i4mA==
    dependencies:
      ansi-styles "^4.1.0"
      supports-color "^7.1.0"
  
  chrome-trace-event@^1.0.2:
    version "1.0.3"
    resolved "http://edge.artifactory.corp.yahoo.co.jp:8000/artifactory/api/npm/apj-npm/chrome-trace-event/-/chrome-trace-event-1.0.3.tgz#1015eced4741e15d06664a957dbbf50d041e26ac"
    integrity sha512-p3KULyQg4S7NIHixdwbGX+nFHkoBiA4YQmyWtjb8XngSKV124nJmRysgAeujbUVb15vh+RvFUfCPqU7rXk+hZg==
  
  classnames@^2.3.2:
    version "2.3.2"
    resolved "http://edge.artifactory.corp.yahoo.co.jp:8000/artifactory/api/npm/apj-npm/classnames/-/classnames-2.3.2.tgz#351d813bf0137fcc6a76a16b88208d2560a0d924"
    integrity sha512-CSbhY4cFEJRe6/GQzIk5qXZ4Jeg5pcsP7b5peFSDpffpe1cqjASH/n9UTjBwOp6XpMSTwQ8Za2K5V02ueA7Tmw==
  
  clone-deep@^4.0.1:
    version "4.0.1"
    resolved "http://edge.artifactory.corp.yahoo.co.jp:8000/artifactory/api/npm/apj-npm/clone-deep/-/clone-deep-4.0.1.tgz#c19fd9bdbbf85942b4fd979c84dcf7d5f07c2387"
    integrity sha512-neHB9xuzh/wk0dIHweyAXv2aPGZIVk3pLMe+/RNzINf17fe0OG96QroktYAUm7SM1PBnzTabaLboqqxDyMU+SQ==
    dependencies:
      is-plain-object "^2.0.4"
      kind-of "^6.0.2"
      shallow-clone "^3.0.0"
  
  clone-response@^1.0.2:
    version "1.0.3"
    resolved "http://edge.artifactory.corp.yahoo.co.jp:8000/artifactory/api/npm/apj-npm/clone-response/-/clone-response-1.0.3.tgz#af2032aa47816399cf5f0a1d0db902f517abb8c3"
    integrity sha512-ROoL94jJH2dUVML2Y/5PEDNaSHgeOdSDicUyS7izcF63G6sTc/FTjLub4b8Il9S8S0beOfYt0TaA5qvFK+w0wA==
    dependencies:
      mimic-response "^1.0.0"
  
  color-convert@^2.0.1:
    version "2.0.1"
    resolved "http://edge.artifactory.corp.yahoo.co.jp:8000/artifactory/api/npm/apj-npm/color-convert/-/color-convert-2.0.1.tgz#72d3a68d598c9bdb3af2ad1e84f21d896abd4de3"
    integrity sha512-RRECPsj7iu/xb5oKYcsFHSppFNnsj/52OVTRKb4zP5onXwVF3zVmmToNcOfGC+CRDpfK/U584fMg38ZHCaElKQ==
    dependencies:
      color-name "~1.1.4"
  
  color-name@~1.1.4:
    version "1.1.4"
    resolved "http://edge.artifactory.corp.yahoo.co.jp:8000/artifactory/api/npm/apj-npm/color-name/-/color-name-1.1.4.tgz#c2a09a87acbde69543de6f63fa3995c826c536a2"
    integrity sha512-dOy+3AuW3a2wNbZHIuMZpTcgjGuLU/uBL/ubcZF9OXbDo8ff4O8yVp5Bf0efS8uEoYo5q4Fx7dY9OgQGXgAsQA==
  
  colorette@^2.0.14:
    version "2.0.20"
    resolved "http://edge.artifactory.corp.yahoo.co.jp:8000/artifactory/api/npm/apj-npm/colorette/-/colorette-2.0.20.tgz#9eb793e6833067f7235902fcd3b09917a000a95a"
    integrity sha512-IfEDxwoWIjkeXL1eXcDiow4UbKjhLdq6/EuSVR9GMN7KVH3r9gQ83e73hsz1Nd1T3ijd5xv1wcWRYO+D6kCI2w==
  
  commander@^10.0.1:
    version "10.0.1"
    resolved "http://edge.artifactory.corp.yahoo.co.jp:8000/artifactory/api/npm/apj-npm/commander/-/commander-10.0.1.tgz#881ee46b4f77d1c1dccc5823433aa39b022cbe06"
    integrity sha512-y4Mg2tXshplEbSGzx7amzPwKKOCGuoSRP/CjEdwwk0FOGlUbq6lKuoyDZTNZkmxHdJtp54hdfY/JUrdL7Xfdug==
  
  commander@^2.20.0:
    version "2.20.3"
    resolved "http://edge.artifactory.corp.yahoo.co.jp:8000/artifactory/api/npm/apj-npm/commander/-/commander-2.20.3.tgz#fd485e84c03eb4881c20722ba48035e8531aeb33"
    integrity sha512-GpVkmM8vF2vQUkj2LvZmD35JxeJOLCwJ9cUkugyk2nuhbv3+mJvpLYYt+0+USMxE+oj+ey/lJEnhZw75x/OMcQ==
  
  cross-spawn@^7.0.3:
    version "7.0.3"
    resolved "http://edge.artifactory.corp.yahoo.co.jp:8000/artifactory/api/npm/apj-npm/cross-spawn/-/cross-spawn-7.0.3.tgz#f73a85b9d5d41d045551c177e2882d4ac85728a6"
    integrity sha512-iRDPJKUPVEND7dHPO8rkbOnPpyDygcDFtWjpeWNCgy8WP2rXcxXL8TskReQl6OrB2G7+UJrags1q15Fudc7G6w==
    dependencies:
      path-key "^3.1.0"
      shebang-command "^2.0.0"
      which "^2.0.1"
  
  csstype@^3.0.2:
    version "3.1.2"
    resolved "http://edge.artifactory.corp.yahoo.co.jp:8000/artifactory/api/npm/apj-npm/csstype/-/csstype-3.1.2.tgz#1d4bf9d572f11c14031f0436e1c10bc1f571f50b"
    integrity sha512-I7K1Uu0MBPzaFKg4nI5Q7Vs2t+3gWWW648spaF+Rg7pI9ds18Ugn+lvg4SHczUdKlHI5LWBXyqfS8+DufyBsgQ==
  
  debug@^4.1.0, debug@^4.1.1:
    version "4.3.4"
    resolved "http://edge.artifactory.corp.yahoo.co.jp:8000/artifactory/api/npm/apj-npm/debug/-/debug-4.3.4.tgz#1319f6579357f2338d3337d2cdd4914bb5dcc865"
    integrity sha512-PRWFHuSU3eDtQJPvnNY7Jcket1j0t5OuOsFzPPzsekD52Zl8qUfFIPEiswXqIvHWGVHOgX+7G/vCNNhehwxfkQ==
    dependencies:
      ms "2.1.2"
  
  decompress-response@^6.0.0:
    version "6.0.0"
    resolved "http://edge.artifactory.corp.yahoo.co.jp:8000/artifactory/api/npm/apj-npm/decompress-response/-/decompress-response-6.0.0.tgz#ca387612ddb7e104bd16d85aab00d5ecf09c66fc"
    integrity sha512-aW35yZM6Bb/4oJlZncMH2LCoZtJXTRxES17vE3hoRiowU2kWHaJKFkSBDnDR+cm9J+9QhXmREyIfv0pji9ejCQ==
    dependencies:
      mimic-response "^3.1.0"
  
  defer-to-connect@^2.0.0:
    version "2.0.1"
    resolved "http://edge.artifactory.corp.yahoo.co.jp:8000/artifactory/api/npm/apj-npm/defer-to-connect/-/defer-to-connect-2.0.1.tgz#8016bdb4143e4632b77a3449c6236277de520587"
    integrity sha512-4tvttepXG1VaYGrRibk5EwJd1t4udunSOVMdLSAL6mId1ix438oPwPZMALY41FCijukO1L0twNcGsdzS7dHgDg==
  
  define-properties@^1.1.3:
    version "1.2.0"
    resolved "http://edge.artifactory.corp.yahoo.co.jp:8000/artifactory/api/npm/apj-npm/define-properties/-/define-properties-1.2.0.tgz#52988570670c9eacedd8064f4a990f2405849bd5"
    integrity sha512-xvqAVKGfT1+UAvPwKTVw/njhdQ8ZhXK4lI0bCIuCMrp2up9nPnaDftrLtmpTazqd1o+UY4zgzU+avtMbDP+ldA==
    dependencies:
      has-property-descriptors "^1.0.0"
      object-keys "^1.1.1"
  
  dequal@^2.0.3:
    version "2.0.3"
    resolved "http://edge.artifactory.corp.yahoo.co.jp:8000/artifactory/api/npm/apj-npm/dequal/-/dequal-2.0.3.tgz#2644214f1997d39ed0ee0ece72335490a7ac67be"
    integrity sha512-0je+qPKHEMohvfRTCEo3CrPG6cAzAYgmzKyxRiYSSDkS6eGJdyVJm7WaYA5ECaAD9wLB2T4EEeymA5aFVcYXCA==
  
  detect-node@^2.0.4:
    version "2.1.0"
    resolved "http://edge.artifactory.corp.yahoo.co.jp:8000/artifactory/api/npm/apj-npm/detect-node/-/detect-node-2.1.0.tgz#c9c70775a49c3d03bc2c06d9a73be550f978f8b1"
    integrity sha512-T0NIuQpnTvFDATNuHN5roPwSBG83rFsuO+MXXH9/3N1eFbn4wcPjttvjMLEPWJ0RGUYgQE7cGgS3tNxbqCGM7g==
  
  dom-helpers@^5.0.1, dom-helpers@^5.2.0, dom-helpers@^5.2.1:
    version "5.2.1"
    resolved "http://edge.artifactory.corp.yahoo.co.jp:8000/artifactory/api/npm/apj-npm/dom-helpers/-/dom-helpers-5.2.1.tgz#d9400536b2bf8225ad98fe052e029451ac40e902"
    integrity sha512-nRCa7CK3VTrM2NmGkIy4cbK7IZlgBE/PYMn55rrXefr5xXDP0LdtfPnblFDoVdcAfslJ7or6iqAUnx0CCGIWQA==
    dependencies:
      "@babel/runtime" "^7.8.7"
      csstype "^3.0.2"
  
  electron-to-chromium@^1.4.477:
    version "1.4.490"
    resolved "http://edge.artifactory.corp.yahoo.co.jp:8000/artifactory/api/npm/apj-npm/electron-to-chromium/-/electron-to-chromium-1.4.490.tgz#d99286f6e915667fa18ea4554def1aa60eb4d5f1"
    integrity sha512-6s7NVJz+sATdYnIwhdshx/N/9O6rvMxmhVoDSDFdj6iA45gHR8EQje70+RYsF4GeB+k0IeNSBnP7yG9ZXJFr7A==
  
  electron@*, electron@^25.5.0:
    version "25.5.0"
    resolved "http://edge.artifactory.corp.yahoo.co.jp:8000/artifactory/api/npm/apj-npm/electron/-/electron-25.5.0.tgz#6465d49c0731424e3e48776628c35771697caf11"
    integrity sha512-w1DNj1LuAk0Vaas1rQ0pAkTe2gZ5YG75J27mC2m88y0G6Do5b5YoFDaF84fOGQHeQ4j8tC5LngSgWhbwmqDlrw==
    dependencies:
      "@electron/get" "^2.0.0"
      "@types/node" "^18.11.18"
      extract-zip "^2.0.1"
  
  end-of-stream@^1.1.0:
    version "1.4.4"
    resolved "http://edge.artifactory.corp.yahoo.co.jp:8000/artifactory/api/npm/apj-npm/end-of-stream/-/end-of-stream-1.4.4.tgz#5ae64a5f45057baf3626ec14da0ca5e4b2431eb0"
    integrity sha512-+uw1inIHVPQoaVuHzRyXd21icM+cnt4CzD5rW+NC1wjOUSTOs+Te7FOv7AhN7vS9x/oIyhLP5PR1H+phQAHu5Q==
    dependencies:
      once "^1.4.0"
  
  enhanced-resolve@^5.0.0, enhanced-resolve@^5.15.0:
    version "5.15.0"
    resolved "http://edge.artifactory.corp.yahoo.co.jp:8000/artifactory/api/npm/apj-npm/enhanced-resolve/-/enhanced-resolve-5.15.0.tgz#1af946c7d93603eb88e9896cee4904dc012e9c35"
    integrity sha512-LXYT42KJ7lpIKECr2mAXIaMldcNCh/7E0KBKOu4KSfkHmP+mZmSs+8V5gBAqisWBy0OO4W5Oyys0GO1Y8KtdKg==
    dependencies:
      graceful-fs "^4.2.4"
      tapable "^2.2.0"
  
  env-paths@^2.2.0:
    version "2.2.1"
    resolved "http://edge.artifactory.corp.yahoo.co.jp:8000/artifactory/api/npm/apj-npm/env-paths/-/env-paths-2.2.1.tgz#420399d416ce1fbe9bc0a07c62fa68d67fd0f8f2"
    integrity sha512-+h1lkLKhZMTYjog1VEpJNG7NZJWcuc2DDk/qsqSTRRCOXiLjeQ1d1/udrUGhqMxUgAlwKNZ0cf2uqan5GLuS2A==
  
  envinfo@^7.7.3:
    version "7.10.0"
    resolved "http://edge.artifactory.corp.yahoo.co.jp:8000/artifactory/api/npm/apj-npm/envinfo/-/envinfo-7.10.0.tgz#55146e3909cc5fe63c22da63fb15b05aeac35b13"
    integrity sha512-ZtUjZO6l5mwTHvc1L9+1q5p/R3wTopcfqMW8r5t8SJSKqeVI/LtajORwRFEKpEFuekjD0VBjwu1HMxL4UalIRw==
  
  es-module-lexer@^1.2.1:
    version "1.3.0"
    resolved "http://edge.artifactory.corp.yahoo.co.jp:8000/artifactory/api/npm/apj-npm/es-module-lexer/-/es-module-lexer-1.3.0.tgz#6be9c9e0b4543a60cd166ff6f8b4e9dae0b0c16f"
    integrity sha512-vZK7T0N2CBmBOixhmjdqx2gWVbFZ4DXZ/NyRMZVlJXPa7CyFS+/a4QQsDGDQy9ZfEzxFuNEsMLeQJnKP2p5/JA==
  
  es6-error@^4.1.1:
    version "4.1.1"
    resolved "http://edge.artifactory.corp.yahoo.co.jp:8000/artifactory/api/npm/apj-npm/es6-error/-/es6-error-4.1.1.tgz#9e3af407459deed47e9a91f9b885a84eb05c561d"
    integrity sha512-Um/+FxMr9CISWh0bi5Zv0iOD+4cFh5qLeks1qhAopKVAJw3drgKbKySikp7wGhDL0HPeaja0P5ULZrxLkniUVg==
  
  escalade@^3.1.1:
    version "3.1.1"
    resolved "http://edge.artifactory.corp.yahoo.co.jp:8000/artifactory/api/npm/apj-npm/escalade/-/escalade-3.1.1.tgz#d8cfdc7000965c5a0174b4a82eaa5c0552742e40"
    integrity sha512-k0er2gUkLf8O0zKJiAhmkTnJlTvINGv7ygDNPbeIsX/TJjGJZHuh9B2UxbsaEkmlEo9MfhrSzmhIlhRlI2GXnw==
  
  escape-string-regexp@^4.0.0:
    version "4.0.0"
    resolved "http://edge.artifactory.corp.yahoo.co.jp:8000/artifactory/api/npm/apj-npm/escape-string-regexp/-/escape-string-regexp-4.0.0.tgz#14ba83a5d373e3d311e5afca29cf5bfad965bf34"
    integrity sha512-TtpcNJ3XAzx3Gq8sWRzJaVajRs0uVxA2YAkdb1jm2YkPz4G6egUFAyA3n5vtEIZefPk5Wa4UXbKuS5fKkJWdgA==
  
  eslint-scope@5.1.1:
    version "5.1.1"
    resolved "http://edge.artifactory.corp.yahoo.co.jp:8000/artifactory/api/npm/apj-npm/eslint-scope/-/eslint-scope-5.1.1.tgz#e786e59a66cb92b3f6c1fb0d508aab174848f48c"
    integrity sha512-2NxwbF/hZ0KpepYN0cNbo+FN6XoK7GaHlQhgx/hIZl6Va0bF45RQOOwhLIy8lQDbuCiadSLCBnH2CFYquit5bw==
    dependencies:
      esrecurse "^4.3.0"
      estraverse "^4.1.1"
  
  esrecurse@^4.3.0:
    version "4.3.0"
    resolved "http://edge.artifactory.corp.yahoo.co.jp:8000/artifactory/api/npm/apj-npm/esrecurse/-/esrecurse-4.3.0.tgz#7ad7964d679abb28bee72cec63758b1c5d2c9921"
    integrity sha512-KmfKL3b6G+RXvP8N1vr3Tq1kL/oCFgn2NYXEtqP8/L3pKapUA4G8cFVaoF3SU323CD4XypR/ffioHmkti6/Tag==
    dependencies:
      estraverse "^5.2.0"
  
  estraverse@^4.1.1:
    version "4.3.0"
    resolved "http://edge.artifactory.corp.yahoo.co.jp:8000/artifactory/api/npm/apj-npm/estraverse/-/estraverse-4.3.0.tgz#398ad3f3c5a24948be7725e83d11a7de28cdbd1d"
    integrity sha512-39nnKffWz8xN1BU/2c79n9nB9HDzo0niYUqx6xyqUnyoAnQyyWpOTdZEeiCch8BBu515t4wp9ZmgVfVhn9EBpw==
  
  estraverse@^5.2.0:
    version "5.3.0"
    resolved "http://edge.artifactory.corp.yahoo.co.jp:8000/artifactory/api/npm/apj-npm/estraverse/-/estraverse-5.3.0.tgz#2eea5290702f26ab8fe5370370ff86c965d21123"
    integrity sha512-MMdARuVEQziNTeJD8DgMqmhwR11BRQ/cBP+pLtYdSTnf3MIO8fFeiINEbX36ZdNlfU/7A9f3gUw49B3oQsvwBA==
  
  events@^3.2.0:
    version "3.3.0"
    resolved "http://edge.artifactory.corp.yahoo.co.jp:8000/artifactory/api/npm/apj-npm/events/-/events-3.3.0.tgz#31a95ad0a924e2d2c419a813aeb2c4e878ea7400"
    integrity sha512-mQw+2fkQbALzQ7V0MY0IqdnXNOeTtP4r0lN9z7AAawCXgqea7bDii20AYrIBrFd/Hx0M2Ocz6S111CaFkUcb0Q==
  
  extract-zip@^2.0.1:
    version "2.0.1"
    resolved "http://edge.artifactory.corp.yahoo.co.jp:8000/artifactory/api/npm/apj-npm/extract-zip/-/extract-zip-2.0.1.tgz#663dca56fe46df890d5f131ef4a06d22bb8ba13a"
    integrity sha512-GDhU9ntwuKyGXdZBUgTIe+vXnWj0fppUEtMDL0+idd5Sta8TGpHssn/eusA9mrPr9qNDym6SxAYZjNvCn/9RBg==
    dependencies:
      debug "^4.1.1"
      get-stream "^5.1.0"
      yauzl "^2.10.0"
    optionalDependencies:
      "@types/yauzl" "^2.9.1"
  
  fast-deep-equal@^3.1.1:
    version "3.1.3"
    resolved "http://edge.artifactory.corp.yahoo.co.jp:8000/artifactory/api/npm/apj-npm/fast-deep-equal/-/fast-deep-equal-3.1.3.tgz#3a7d56b559d6cbc3eb512325244e619a65c6c525"
    integrity sha512-f3qQ9oQy9j2AhBe/H9VC91wLmKBCCU/gDOnKNAYG5hswO7BLKj09Hc5HYNz9cGI++xlpDCIgDaitVs03ATR84Q==
  
  fast-json-stable-stringify@^2.0.0:
    version "2.1.0"
    resolved "http://edge.artifactory.corp.yahoo.co.jp:8000/artifactory/api/npm/apj-npm/fast-json-stable-stringify/-/fast-json-stable-stringify-2.1.0.tgz#874bf69c6f404c2b5d99c481341399fd55892633"
    integrity sha512-lhd/wF+Lk98HZoTCtlVraHtfh5XYijIjalXck7saUtuanSDyLMxnHhSXEDJqHxD7msR8D0uCmqlkwjCV8xvwHw==
  
  fastest-levenshtein@^1.0.12:
    version "1.0.16"
    resolved "http://edge.artifactory.corp.yahoo.co.jp:8000/artifactory/api/npm/apj-npm/fastest-levenshtein/-/fastest-levenshtein-1.0.16.tgz#210e61b6ff181de91ea9b3d1b84fdedd47e034e5"
    integrity sha512-eRnCtTTtGZFpQCwhJiUOuxPQWRXVKYDn0b2PeHfXL6/Zi53SLAzAHfVhVWK2AryC/WH05kGfxhFIPvTF0SXQzg==
  
  fd-slicer@~1.1.0:
    version "1.1.0"
    resolved "http://edge.artifactory.corp.yahoo.co.jp:8000/artifactory/api/npm/apj-npm/fd-slicer/-/fd-slicer-1.1.0.tgz#25c7c89cb1f9077f8891bbe61d8f390eae256f1e"
    integrity sha512-cE1qsB/VwyQozZ+q1dGxR8LBYNZeofhEdUNGSMbQD3Gw2lAzX9Zb3uIU6Ebc/Fmyjo9AWWfnn0AUCHqtevs/8g==
    dependencies:
      pend "~1.2.0"
  
  fill-range@^7.0.1:
    version "7.0.1"
    resolved "http://edge.artifactory.corp.yahoo.co.jp:8000/artifactory/api/npm/apj-npm/fill-range/-/fill-range-7.0.1.tgz#1919a6a7c75fe38b2c7c77e5198535da9acdda40"
    integrity sha512-qOo9F+dMUmC2Lcb4BbVvnKJxTPjCm+RRpe4gDuGrzkL7mEVl/djYSu2OdQ2Pa302N4oqkSg9ir6jaLWJ2USVpQ==
    dependencies:
      to-regex-range "^5.0.1"
  
  find-up@^4.0.0:
    version "4.1.0"
    resolved "http://edge.artifactory.corp.yahoo.co.jp:8000/artifactory/api/npm/apj-npm/find-up/-/find-up-4.1.0.tgz#97afe7d6cdc0bc5928584b7c8d7b16e8a9aa5d19"
    integrity sha512-PpOwAdQ/YlXQ2vj8a3h8IipDuYRi3wceVQQGYWxNINccq40Anw7BlsEXCMbt1Zt+OLA6Fq9suIpIWD0OsnISlw==
    dependencies:
      locate-path "^5.0.0"
      path-exists "^4.0.0"
  
  fs-extra@^8.1.0:
    version "8.1.0"
    resolved "http://edge.artifactory.corp.yahoo.co.jp:8000/artifactory/api/npm/apj-npm/fs-extra/-/fs-extra-8.1.0.tgz#49d43c45a88cd9677668cb7be1b46efdb8d2e1c0"
    integrity sha512-yhlQgA6mnOJUKOsRUFsgJdQCvkKhcz8tlZG5HBQfReYZy46OwLcY+Zia0mtdHsOo9y/hP+CxMN0TU9QxoOtG4g==
    dependencies:
      graceful-fs "^4.2.0"
      jsonfile "^4.0.0"
      universalify "^0.1.0"
  
  fs@^0.0.1-security:
    version "0.0.1-security"
    resolved "http://edge.artifactory.corp.yahoo.co.jp:8000/artifactory/api/npm/apj-npm/fs/-/fs-0.0.1-security.tgz#8a7bd37186b6dddf3813f23858b57ecaaf5e41d4"
    integrity sha512-3XY9e1pP0CVEUCdj5BmfIZxRBTSDycnbqhIOGec9QYtmVH2fbLpj86CFWkrNOkt/Fvty4KZG5lTglL9j/gJ87w==
  
  function-bind@^1.1.1:
    version "1.1.1"
    resolved "http://edge.artifactory.corp.yahoo.co.jp:8000/artifactory/api/npm/apj-npm/function-bind/-/function-bind-1.1.1.tgz#a56899d3ea3c9bab874bb9773b7c5ede92f4895d"
    integrity sha512-yIovAzMX49sF8Yl58fSCWJ5svSLuaibPxXQJFLmBObTuCr0Mf1KiPopGM9NiFjiYBCbfaa2Fh6breQ6ANVTI0A==
  
  get-intrinsic@^1.1.1:
    version "1.2.1"
    resolved "http://edge.artifactory.corp.yahoo.co.jp:8000/artifactory/api/npm/apj-npm/get-intrinsic/-/get-intrinsic-1.2.1.tgz#d295644fed4505fc9cde952c37ee12b477a83d82"
    integrity sha512-2DcsyfABl+gVHEfCOaTrWgyt+tb6MSEGmKq+kI5HwLbIYgjgmMcV8KQ41uaKz1xxUcn9tJtgFbQUEVcEbd0FYw==
    dependencies:
      function-bind "^1.1.1"
      has "^1.0.3"
      has-proto "^1.0.1"
      has-symbols "^1.0.3"
  
  get-stream@^5.1.0:
    version "5.2.0"
    resolved "http://edge.artifactory.corp.yahoo.co.jp:8000/artifactory/api/npm/apj-npm/get-stream/-/get-stream-5.2.0.tgz#4966a1795ee5ace65e706c4b7beb71257d6e22d3"
    integrity sha512-nBF+F1rAZVCu/p7rjzgA+Yb4lfYXrpl7a6VmJrU8wF9I1CKvP/QwPNZHnOlwbTkY6dvtFIzFMSyQXbLoTQPRpA==
    dependencies:
      pump "^3.0.0"
  
  glob-to-regexp@^0.4.1:
    version "0.4.1"
    resolved "http://edge.artifactory.corp.yahoo.co.jp:8000/artifactory/api/npm/apj-npm/glob-to-regexp/-/glob-to-regexp-0.4.1.tgz#c75297087c851b9a578bd217dd59a92f59fe546e"
    integrity sha512-lkX1HJXwyMcprw/5YUZc2s7DrpAiHB21/V+E1rHUrVNokkvB6bqMzT0VfV6/86ZNabt1k14YOIaT7nDvOX3Iiw==
  
  global-agent@^3.0.0:
    version "3.0.0"
    resolved "http://edge.artifactory.corp.yahoo.co.jp:8000/artifactory/api/npm/apj-npm/global-agent/-/global-agent-3.0.0.tgz#ae7cd31bd3583b93c5a16437a1afe27cc33a1ab6"
    integrity sha512-PT6XReJ+D07JvGoxQMkT6qji/jVNfX/h364XHZOWeRzy64sSFr+xJ5OX7LI3b4MPQzdL4H8Y8M0xzPpsVMwA8Q==
    dependencies:
      boolean "^3.0.1"
      es6-error "^4.1.1"
      matcher "^3.0.0"
      roarr "^2.15.3"
      semver "^7.3.2"
      serialize-error "^7.0.1"
  
  globalthis@^1.0.1:
    version "1.0.3"
    resolved "http://edge.artifactory.corp.yahoo.co.jp:8000/artifactory/api/npm/apj-npm/globalthis/-/globalthis-1.0.3.tgz#5852882a52b80dc301b0660273e1ed082f0b6ccf"
    integrity sha512-sFdI5LyBiNTHjRd7cGPWapiHWMOXKyuBNX/cWJ3NfzrZQVa8GI/8cofCl74AOVqq9W5kNmguTIzJ/1s2gyI9wA==
    dependencies:
      define-properties "^1.1.3"
  
  got@^11.8.5:
    version "11.8.6"
    resolved "http://edge.artifactory.corp.yahoo.co.jp:8000/artifactory/api/npm/apj-npm/got/-/got-11.8.6.tgz#276e827ead8772eddbcfc97170590b841823233a"
    integrity sha512-6tfZ91bOr7bOXnK7PRDCGBLa1H4U080YHNaAQ2KsMGlLEzRbk44nsZF2E1IeRc3vtJHPVbKCYgdFbaGO2ljd8g==
    dependencies:
      "@sindresorhus/is" "^4.0.0"
      "@szmarczak/http-timer" "^4.0.5"
      "@types/cacheable-request" "^6.0.1"
      "@types/responselike" "^1.0.0"
      cacheable-lookup "^5.0.3"
      cacheable-request "^7.0.2"
      decompress-response "^6.0.0"
      http2-wrapper "^1.0.0-beta.5.2"
      lowercase-keys "^2.0.0"
      p-cancelable "^2.0.0"
      responselike "^2.0.0"
  
  graceful-fs@^4.1.2, graceful-fs@^4.1.6, graceful-fs@^4.2.0, graceful-fs@^4.2.4, graceful-fs@^4.2.9:
    version "4.2.11"
    resolved "http://edge.artifactory.corp.yahoo.co.jp:8000/artifactory/api/npm/apj-npm/graceful-fs/-/graceful-fs-4.2.11.tgz#4183e4e8bf08bb6e05bbb2f7d2e0c8f712ca40e3"
    integrity sha512-RbJ5/jmFcNNCcDV5o9eTnBLJ/HszWV0P73bc+Ff4nS/rJj+YaS6IGyiOL0VoBYX+l1Wrl3k63h/KrH+nhJ0XvQ==
  
  has-flag@^4.0.0:
    version "4.0.0"
    resolved "http://edge.artifactory.corp.yahoo.co.jp:8000/artifactory/api/npm/apj-npm/has-flag/-/has-flag-4.0.0.tgz#944771fd9c81c81265c4d6941860da06bb59479b"
    integrity sha512-EykJT/Q1KjTWctppgIAgfSO0tKVuZUjhgMr17kqTumMl6Afv3EISleU7qZUzoXDFTAHTDC4NOoG/ZxU3EvlMPQ==
  
  has-property-descriptors@^1.0.0:
    version "1.0.0"
    resolved "http://edge.artifactory.corp.yahoo.co.jp:8000/artifactory/api/npm/apj-npm/has-property-descriptors/-/has-property-descriptors-1.0.0.tgz#610708600606d36961ed04c196193b6a607fa861"
    integrity sha512-62DVLZGoiEBDHQyqG4w9xCuZ7eJEwNmJRWw2VY84Oedb7WFcA27fiEVe8oUQx9hAUJ4ekurquucTGwsyO1XGdQ==
    dependencies:
      get-intrinsic "^1.1.1"
  
  has-proto@^1.0.1:
    version "1.0.1"
    resolved "http://edge.artifactory.corp.yahoo.co.jp:8000/artifactory/api/npm/apj-npm/has-proto/-/has-proto-1.0.1.tgz#1885c1305538958aff469fef37937c22795408e0"
    integrity sha512-7qE+iP+O+bgF9clE5+UoBFzE65mlBiVj3tKCrlNQ0Ogwm0BjpT/gK4SlLYDMybDh5I3TCTKnPPa0oMG7JDYrhg==
  
  has-symbols@^1.0.3:
    version "1.0.3"
    resolved "http://edge.artifactory.corp.yahoo.co.jp:8000/artifactory/api/npm/apj-npm/has-symbols/-/has-symbols-1.0.3.tgz#bb7b2c4349251dce87b125f7bdf874aa7c8b39f8"
    integrity sha512-l3LCuF6MgDNwTDKkdYGEihYjt5pRPbEg46rtlmnSPlUbgmB8LOIrKJbYYFBSbnPaJexMKtiPO8hmeRjRz2Td+A==
  
  has@^1.0.3:
    version "1.0.3"
    resolved "http://edge.artifactory.corp.yahoo.co.jp:8000/artifactory/api/npm/apj-npm/has/-/has-1.0.3.tgz#722d7cbfc1f6aa8241f16dd814e011e1f41e8796"
    integrity sha512-f2dvO0VU6Oej7RkWJGrehjbzMAjFp5/VKPp5tTpWIV4JHHZK1/BxbFRtf/siA2SWTe09caDmVtYYzWEIbBS4zw==
    dependencies:
      function-bind "^1.1.1"
  
  http-cache-semantics@^4.0.0:
    version "4.1.1"
    resolved "http://edge.artifactory.corp.yahoo.co.jp:8000/artifactory/api/npm/apj-npm/http-cache-semantics/-/http-cache-semantics-4.1.1.tgz#abe02fcb2985460bf0323be664436ec3476a6d5a"
    integrity sha512-er295DKPVsV82j5kw1Gjt+ADA/XYHsajl82cGNQG2eyoPkvgUhX+nDIyelzhIWbbsXP39EHcI6l5tYs2FYqYXQ==
  
  http2-wrapper@^1.0.0-beta.5.2:
    version "1.0.3"
    resolved "http://edge.artifactory.corp.yahoo.co.jp:8000/artifactory/api/npm/apj-npm/http2-wrapper/-/http2-wrapper-1.0.3.tgz#b8f55e0c1f25d4ebd08b3b0c2c079f9590800b3d"
    integrity sha512-V+23sDMr12Wnz7iTcDeJr3O6AIxlnvT/bmaAAAP/Xda35C90p9599p0F1eHR/N1KILWSoWVAiOMFjBBXaXSMxg==
    dependencies:
      quick-lru "^5.1.1"
      resolve-alpn "^1.0.0"
  
  import-local@^3.0.2:
    version "3.1.0"
    resolved "http://edge.artifactory.corp.yahoo.co.jp:8000/artifactory/api/npm/apj-npm/import-local/-/import-local-3.1.0.tgz#b4479df8a5fd44f6cdce24070675676063c95cb4"
    integrity sha512-ASB07uLtnDs1o6EHjKpX34BKYDSqnFerfTOJL2HvMqF70LnxpjkzDB8J44oT9pu4AMPkQwf8jl6szgvNd2tRIg==
    dependencies:
      pkg-dir "^4.2.0"
      resolve-cwd "^3.0.0"
  
  inherits@2.0.3:
    version "2.0.3"
    resolved "http://edge.artifactory.corp.yahoo.co.jp:8000/artifactory/api/npm/apj-npm/inherits/-/inherits-2.0.3.tgz#633c2c83e3da42a502f52466022480f4208261de"
    integrity sha512-x00IRNXNy63jwGkJmzPigoySHbaqpNuzKbBOmzK+g2OdZpQ9w+sxCN+VSB3ja7IAge2OP2qpfxTjeNcyjmW1uw==
  
  interpret@^3.1.1:
    version "3.1.1"
    resolved "http://edge.artifactory.corp.yahoo.co.jp:8000/artifactory/api/npm/apj-npm/interpret/-/interpret-3.1.1.tgz#5be0ceed67ca79c6c4bc5cf0d7ee843dcea110c4"
    integrity sha512-6xwYfHbajpoF0xLW+iwLkhwgvLoZDfjYfoFNu8ftMoXINzwuymNLd9u/KmwtdT2GbR+/Cz66otEGEVVUHX9QLQ==
  
  invariant@^2.2.4:
    version "2.2.4"
    resolved "http://edge.artifactory.corp.yahoo.co.jp:8000/artifactory/api/npm/apj-npm/invariant/-/invariant-2.2.4.tgz#610f3c92c9359ce1db616e538008d23ff35158e6"
    integrity sha512-phJfQVBuaJM5raOpJjSfkiD6BpbCE4Ns//LaXl6wGYtUBY83nWS6Rf9tXm2e8VaK60JEjYldbPif/A2B1C2gNA==
    dependencies:
      loose-envify "^1.0.0"
  
  is-core-module@^2.13.0:
    version "2.13.0"
    resolved "http://edge.artifactory.corp.yahoo.co.jp:8000/artifactory/api/npm/apj-npm/is-core-module/-/is-core-module-2.13.0.tgz#bb52aa6e2cbd49a30c2ba68c42bf3435ba6072db"
    integrity sha512-Z7dk6Qo8pOCp3l4tsX2C5ZVas4V+UxwQodwZhLopL91TX8UyyHEXafPcyoeeWuLrwzHcr3igO78wNLwHJHsMCQ==
    dependencies:
      has "^1.0.3"
  
  is-number@^7.0.0:
    version "7.0.0"
    resolved "http://edge.artifactory.corp.yahoo.co.jp:8000/artifactory/api/npm/apj-npm/is-number/-/is-number-7.0.0.tgz#7535345b896734d5f80c4d06c50955527a14f12b"
    integrity sha512-41Cifkg6e8TylSpdtTpeLVMqvSBEVzTttHvERD741+pnZ8ANv0004MRL43QKPDlK9cGvNp6NZWZUBlbGXYxxng==
  
  is-plain-object@^2.0.4:
    version "2.0.4"
    resolved "http://edge.artifactory.corp.yahoo.co.jp:8000/artifactory/api/npm/apj-npm/is-plain-object/-/is-plain-object-2.0.4.tgz#2c163b3fafb1b606d9d17928f05c2a1c38e07677"
    integrity sha512-h5PpgXkWitc38BBMYawTYMWJHFZJVnBquFE57xFpjB8pJFiF6gZ+bU+WyI/yqXiFR5mdLsgYNaPe8uao6Uv9Og==
    dependencies:
      isobject "^3.0.1"
  
  isexe@^2.0.0:
    version "2.0.0"
    resolved "http://edge.artifactory.corp.yahoo.co.jp:8000/artifactory/api/npm/apj-npm/isexe/-/isexe-2.0.0.tgz#e8fbf374dc556ff8947a10dcb0572d633f2cfa10"
    integrity sha512-RHxMLp9lnKHGHRng9QFhRCMbYAcVpn69smSGcq3f36xjgVVWThj4qqLbTLlq7Ssj8B+fIQ1EuCEGI2lKsyQeIw==
  
  isobject@^3.0.1:
    version "3.0.1"
    resolved "http://edge.artifactory.corp.yahoo.co.jp:8000/artifactory/api/npm/apj-npm/isobject/-/isobject-3.0.1.tgz#4e431e92b11a9731636aa1f9c8d1ccbcfdab78df"
    integrity sha512-WhB9zCku7EGTj/HQQRz5aUQEUeoQZH2bWcltRErOpymJ4boYE6wL9Tbr23krRPSZ+C5zqNSrSw+Cc7sZZ4b7vg==
  
  jest-worker@^27.4.5:
    version "27.5.1"
    resolved "http://edge.artifactory.corp.yahoo.co.jp:8000/artifactory/api/npm/apj-npm/jest-worker/-/jest-worker-27.5.1.tgz#8d146f0900e8973b106b6f73cc1e9a8cb86f8db0"
    integrity sha512-7vuh85V5cdDofPyxn58nrPjBktZo0u9x1g8WtjQol+jZDaE+fhN+cIvTj11GndBnMnyfrUOG1sZQxCdjKh+DKg==
    dependencies:
      "@types/node" "*"
      merge-stream "^2.0.0"
      supports-color "^8.0.0"
  
  "js-tokens@^3.0.0 || ^4.0.0":
    version "4.0.0"
    resolved "http://edge.artifactory.corp.yahoo.co.jp:8000/artifactory/api/npm/apj-npm/js-tokens/-/js-tokens-4.0.0.tgz#19203fb59991df98e3a287050d4647cdeaf32499"
    integrity sha512-RdJUflcE3cUzKiMqQgsCu06FPu9UdIJO0beYbPhHN4k6apgJtifcoCtT9bcxOpYBtpD2kCM6Sbzg4CausW/PKQ==
  
  json-buffer@3.0.1:
    version "3.0.1"
    resolved "http://edge.artifactory.corp.yahoo.co.jp:8000/artifactory/api/npm/apj-npm/json-buffer/-/json-buffer-3.0.1.tgz#9338802a30d3b6605fbe0613e094008ca8c05a13"
    integrity sha512-4bV5BfR2mqfQTJm+V5tPPdf+ZpuhiIvTuAB5g8kcrXOZpTT/QwwVRWBywX1ozr6lEuPdbHxwaJlm9G6mI2sfSQ==
  
  json-parse-even-better-errors@^2.3.1:
    version "2.3.1"
    resolved "http://edge.artifactory.corp.yahoo.co.jp:8000/artifactory/api/npm/apj-npm/json-parse-even-better-errors/-/json-parse-even-better-errors-2.3.1.tgz#7c47805a94319928e05777405dc12e1f7a4ee02d"
    integrity sha512-xyFwyhro/JEof6Ghe2iz2NcXoj2sloNsWr/XsERDK/oiPCfaNhl5ONfp+jQdAZRQQ0IJWNzH9zIZF7li91kh2w==
  
  json-schema-traverse@^0.4.1:
    version "0.4.1"
    resolved "http://edge.artifactory.corp.yahoo.co.jp:8000/artifactory/api/npm/apj-npm/json-schema-traverse/-/json-schema-traverse-0.4.1.tgz#69f6a87d9513ab8bb8fe63bdb0979c448e684660"
    integrity sha512-xbbCH5dCYU5T8LcEhhuh7HJ88HXuW3qsI3Y0zOZFKfZEHcpWiHU/Jxzk629Brsab/mMiHQti9wMP+845RPe3Vg==
  
  json-stringify-safe@^5.0.1:
    version "5.0.1"
    resolved "http://edge.artifactory.corp.yahoo.co.jp:8000/artifactory/api/npm/apj-npm/json-stringify-safe/-/json-stringify-safe-5.0.1.tgz#1296a2d58fd45f19a0f6ce01d65701e2c735b6eb"
    integrity sha512-ZClg6AaYvamvYEE82d3Iyd3vSSIjQ+odgjaTzRuO3s7toCdFKczob2i0zCh7JE8kWn17yvAWhUVxvqGwUalsRA==
  
  jsonfile@^4.0.0:
    version "4.0.0"
    resolved "http://edge.artifactory.corp.yahoo.co.jp:8000/artifactory/api/npm/apj-npm/jsonfile/-/jsonfile-4.0.0.tgz#8771aae0799b64076b76640fca058f9c10e33ecb"
    integrity sha512-m6F1R3z8jjlf2imQHS2Qez5sjKWQzbuuhuJ/FKYFRZvPE3PuHcSMVZzfsLhGVOkfd20obL5SWEBew5ShlquNxg==
    optionalDependencies:
      graceful-fs "^4.1.6"
  
  keyv@^4.0.0:
    version "4.5.3"
    resolved "http://edge.artifactory.corp.yahoo.co.jp:8000/artifactory/api/npm/apj-npm/keyv/-/keyv-4.5.3.tgz#00873d2b046df737963157bd04f294ca818c9c25"
    integrity sha512-QCiSav9WaX1PgETJ+SpNnx2PRRapJ/oRSXM4VO5OGYGSjrxbKPVFVhB3l2OCbLCk329N8qyAtsJjSjvVBWzEug==
    dependencies:
      json-buffer "3.0.1"
  
  kind-of@^6.0.2:
    version "6.0.3"
    resolved "http://edge.artifactory.corp.yahoo.co.jp:8000/artifactory/api/npm/apj-npm/kind-of/-/kind-of-6.0.3.tgz#07c05034a6c349fa06e24fa35aa76db4580ce4dd"
    integrity sha512-dcS1ul+9tmeD95T+x28/ehLgd9mENa3LsvDTtzm3vyBEO7RPptvAD+t44WVXaUjTBRcrpFeFlC8WCruUR456hw==
  
  loader-runner@^4.2.0:
    version "4.3.0"
    resolved "http://edge.artifactory.corp.yahoo.co.jp:8000/artifactory/api/npm/apj-npm/loader-runner/-/loader-runner-4.3.0.tgz#c1b4a163b99f614830353b16755e7149ac2314e1"
    integrity sha512-3R/1M+yS3j5ou80Me59j7F9IMs4PXs3VqRrm0TU3AbKPxlmpoY1TNscJV/oGJXo8qCatFGTfDbY6W6ipGOYXfg==
  
  locate-path@^5.0.0:
    version "5.0.0"
    resolved "http://edge.artifactory.corp.yahoo.co.jp:8000/artifactory/api/npm/apj-npm/locate-path/-/locate-path-5.0.0.tgz#1afba396afd676a6d42504d0a67a3a7eb9f62aa0"
    integrity sha512-t7hw9pI+WvuwNJXwk5zVHpyhIqzg2qTlklJOf0mVxGSbe3Fp2VieZcduNYjaLDoy6p9uGpQEGWG87WpMKlNq8g==
    dependencies:
      p-locate "^4.1.0"
  
  loose-envify@^1.0.0, loose-envify@^1.1.0, loose-envify@^1.4.0:
    version "1.4.0"
    resolved "http://edge.artifactory.corp.yahoo.co.jp:8000/artifactory/api/npm/apj-npm/loose-envify/-/loose-envify-1.4.0.tgz#71ee51fa7be4caec1a63839f7e682d8132d30caf"
    integrity sha512-lyuxPGr/Wfhrlem2CL/UcnUc1zcqKAImBDzukY7Y5F/yQiNdko6+fRLevlw1HgMySw7f611UIY408EtxRSoK3Q==
    dependencies:
      js-tokens "^3.0.0 || ^4.0.0"
  
  lowercase-keys@^2.0.0:
    version "2.0.0"
    resolved "http://edge.artifactory.corp.yahoo.co.jp:8000/artifactory/api/npm/apj-npm/lowercase-keys/-/lowercase-keys-2.0.0.tgz#2603e78b7b4b0006cbca2fbcc8a3202558ac9479"
    integrity sha512-tqNXrS78oMOE73NMxK4EMLQsQowWf8jKooH9g7xPavRT706R6bkQJ6DY2Te7QukaZsulxa30wQ7bk0pm4XiHmA==
  
  lru-cache@^6.0.0:
    version "6.0.0"
    resolved "http://edge.artifactory.corp.yahoo.co.jp:8000/artifactory/api/npm/apj-npm/lru-cache/-/lru-cache-6.0.0.tgz#6d6fe6570ebd96aaf90fcad1dafa3b2566db3a94"
    integrity sha512-Jo6dJ04CmSjuznwJSS3pUeWmd/H0ffTlkXXgwZi+eq1UCmqQwCh+eLsYOYCwY991i2Fah4h1BEMCx4qThGbsiA==
    dependencies:
      yallist "^4.0.0"
  
  matcher@^3.0.0:
    version "3.0.0"
    resolved "http://edge.artifactory.corp.yahoo.co.jp:8000/artifactory/api/npm/apj-npm/matcher/-/matcher-3.0.0.tgz#bd9060f4c5b70aa8041ccc6f80368760994f30ca"
    integrity sha512-OkeDaAZ/bQCxeFAozM55PKcKU0yJMPGifLwV4Qgjitu+5MoAfSQN4lsLJeXZ1b8w0x+/Emda6MZgXS1jvsapng==
    dependencies:
      escape-string-regexp "^4.0.0"
  
  merge-stream@^2.0.0:
    version "2.0.0"
    resolved "http://edge.artifactory.corp.yahoo.co.jp:8000/artifactory/api/npm/apj-npm/merge-stream/-/merge-stream-2.0.0.tgz#52823629a14dd00c9770fb6ad47dc6310f2c1f60"
    integrity sha512-abv/qOcuPfk3URPfDzmZU1LKmuw8kT+0nIHvKrKgFrwifol/doWcdA4ZqsWQ8ENrFKkd67Mfpo/LovbIUsbt3w==
  
  micromatch@^4.0.0:
    version "4.0.5"
    resolved "http://edge.artifactory.corp.yahoo.co.jp:8000/artifactory/api/npm/apj-npm/micromatch/-/micromatch-4.0.5.tgz#bc8999a7cbbf77cdc89f132f6e467051b49090c6"
    integrity sha512-DMy+ERcEW2q8Z2Po+WNXuw3c5YaUSFjAO5GsJqfEl7UjvtIuFKO6ZrKvcItdy98dwFI2N1tg3zNIdKaQT+aNdA==
    dependencies:
      braces "^3.0.2"
      picomatch "^2.3.1"
  
  mime-db@1.52.0:
    version "1.52.0"
    resolved "http://edge.artifactory.corp.yahoo.co.jp:8000/artifactory/api/npm/apj-npm/mime-db/-/mime-db-1.52.0.tgz#bbabcdc02859f4987301c856e3387ce5ec43bf70"
    integrity sha512-sPU4uV7dYlvtWJxwwxHD0PuihVNiE7TyAbQ5SWxDCB9mUYvOgroQOwYQQOKPJ8CIbE+1ETVlOoK1UC2nU3gYvg==
  
  mime-types@^2.1.27:
    version "2.1.35"
    resolved "http://edge.artifactory.corp.yahoo.co.jp:8000/artifactory/api/npm/apj-npm/mime-types/-/mime-types-2.1.35.tgz#381a871b62a734450660ae3deee44813f70d959a"
    integrity sha512-ZDY+bPm5zTTF+YpCrAU9nK0UgICYPT0QtT1NZWFv4s++TNkcgVaT0g6+4R2uI4MjQjzysHB1zxuWL50hzaeXiw==
    dependencies:
      mime-db "1.52.0"
  
  mimic-response@^1.0.0:
    version "1.0.1"
    resolved "http://edge.artifactory.corp.yahoo.co.jp:8000/artifactory/api/npm/apj-npm/mimic-response/-/mimic-response-1.0.1.tgz#4923538878eef42063cb8a3e3b0798781487ab1b"
    integrity sha512-j5EctnkH7amfV/q5Hgmoal1g2QHFJRraOtmx0JpIqkxhBhI/lJSl1nMpQ45hVarwNETOoWEimndZ4QK0RHxuxQ==
  
  mimic-response@^3.1.0:
    version "3.1.0"
    resolved "http://edge.artifactory.corp.yahoo.co.jp:8000/artifactory/api/npm/apj-npm/mimic-response/-/mimic-response-3.1.0.tgz#2d1d59af9c1b129815accc2c46a022a5ce1fa3c9"
    integrity sha512-z0yWI+4FDrrweS8Zmt4Ej5HdJmky15+L2e6Wgn3+iK5fWzb6T3fhNFq2+MeTRb064c6Wr4N/wv0DzQTjNzHNGQ==
  
  ms@2.1.2:
    version "2.1.2"
    resolved "http://edge.artifactory.corp.yahoo.co.jp:8000/artifactory/api/npm/apj-npm/ms/-/ms-2.1.2.tgz#d09d1f357b443f493382a8eb3ccd183872ae6009"
    integrity sha512-sGkPx+VjMtmA6MX27oA4FBFELFCZZ4S4XqeGOXCv68tT+jb3vk/RyaKWP0PTKyWtmLSM0b+adUTEvbs1PEaH2w==
  
  neo-async@^2.6.2:
    version "2.6.2"
    resolved "http://edge.artifactory.corp.yahoo.co.jp:8000/artifactory/api/npm/apj-npm/neo-async/-/neo-async-2.6.2.tgz#b4aafb93e3aeb2d8174ca53cf163ab7d7308305f"
    integrity sha512-Yd3UES5mWCSqR+qNT93S3UoYUkqAZ9lLg8a7g9rimsWmYGK8cVToA4/sF3RrshdyV3sAGMXVUmpMYOw+dLpOuw==
  
  node-releases@^2.0.13:
    version "2.0.13"
    resolved "http://edge.artifactory.corp.yahoo.co.jp:8000/artifactory/api/npm/apj-npm/node-releases/-/node-releases-2.0.13.tgz#d5ed1627c23e3461e819b02e57b75e4899b1c81d"
    integrity sha512-uYr7J37ae/ORWdZeQ1xxMJe3NtdmqMC/JZK+geofDrkLUApKRHPd18/TxtBOJ4A0/+uUIliorNrfYV6s1b02eQ==
  
  normalize-url@^6.0.1:
    version "6.1.0"
    resolved "http://edge.artifactory.corp.yahoo.co.jp:8000/artifactory/api/npm/apj-npm/normalize-url/-/normalize-url-6.1.0.tgz#40d0885b535deffe3f3147bec877d05fe4c5668a"
    integrity sha512-DlL+XwOy3NxAQ8xuC0okPgK46iuVNAK01YN7RueYBqqFeGsBjV9XmCAzAdgt+667bCl5kPh9EqKKDwnaPG1I7A==
  
  object-assign@^4.1.1:
    version "4.1.1"
    resolved "http://edge.artifactory.corp.yahoo.co.jp:8000/artifactory/api/npm/apj-npm/object-assign/-/object-assign-4.1.1.tgz#2109adc7965887cfc05cbbd442cac8bfbb360863"
    integrity sha512-rJgTQnkUnH1sFw8yT6VSU3zD3sWmu6sZhIseY8VX+GRu3P6F7Fu+JNDoXfklElbLJSnc3FUQHVe4cU5hj+BcUg==
  
  object-keys@^1.1.1:
    version "1.1.1"
    resolved "http://edge.artifactory.corp.yahoo.co.jp:8000/artifactory/api/npm/apj-npm/object-keys/-/object-keys-1.1.1.tgz#1c47f272df277f3b1daf061677d9c82e2322c60e"
    integrity sha512-NuAESUOUMrlIXOfHKzD6bpPu3tYt3xvjNdRIQ+FeT0lNb4K8WR70CaDxhuNguS2XG+GjkyMwOzsN5ZktImfhLA==
  
  once@^1.3.1, once@^1.4.0:
    version "1.4.0"
    resolved "http://edge.artifactory.corp.yahoo.co.jp:8000/artifactory/api/npm/apj-npm/once/-/once-1.4.0.tgz#583b1aa775961d4b113ac17d9c50baef9dd76bd1"
    integrity sha512-lNaJgI+2Q5URQBkccEKHTQOPaXdUxnZZElQTZY0MFUAuaEqe1E+Nyvgdz/aIyNi6Z9MzO5dv1H8n58/GELp3+w==
    dependencies:
      wrappy "1"
  
  p-cancelable@^2.0.0:
    version "2.1.1"
    resolved "http://edge.artifactory.corp.yahoo.co.jp:8000/artifactory/api/npm/apj-npm/p-cancelable/-/p-cancelable-2.1.1.tgz#aab7fbd416582fa32a3db49859c122487c5ed2cf"
    integrity sha512-BZOr3nRQHOntUjTrH8+Lh54smKHoHyur8We1V8DSMVrl5A2malOOwuJRnKRDjSnkoeBh4at6BwEnb5I7Jl31wg==
  
  p-limit@^2.2.0:
    version "2.3.0"
    resolved "http://edge.artifactory.corp.yahoo.co.jp:8000/artifactory/api/npm/apj-npm/p-limit/-/p-limit-2.3.0.tgz#3dd33c647a214fdfffd835933eb086da0dc21db1"
    integrity sha512-//88mFWSJx8lxCzwdAABTJL2MyWB12+eIY7MDL2SqLmAkeKU9qxRvWuSyTjm3FUmpBEMuFfckAIqEaVGUDxb6w==
    dependencies:
      p-try "^2.0.0"
  
  p-locate@^4.1.0:
    version "4.1.0"
    resolved "http://edge.artifactory.corp.yahoo.co.jp:8000/artifactory/api/npm/apj-npm/p-locate/-/p-locate-4.1.0.tgz#a3428bb7088b3a60292f66919278b7c297ad4f07"
    integrity sha512-R79ZZ/0wAxKGu3oYMlz8jy/kbhsNrS7SKZ7PxEHBgJ5+F2mtFW2fK2cOtBh1cHYkQsbzFV7I+EoRKe6Yt0oK7A==
    dependencies:
      p-limit "^2.2.0"
  
  p-try@^2.0.0:
    version "2.2.0"
    resolved "http://edge.artifactory.corp.yahoo.co.jp:8000/artifactory/api/npm/apj-npm/p-try/-/p-try-2.2.0.tgz#cb2868540e313d61de58fafbe35ce9004d5540e6"
    integrity sha512-R4nPAVTAU0B9D35/Gk3uJf/7XYbQcyohSKdvAxIRSNghFl4e71hVoGnBNQz9cWaXxO2I10KTC+3jMdvvoKw6dQ==
  
  path-exists@^4.0.0:
    version "4.0.0"
    resolved "http://edge.artifactory.corp.yahoo.co.jp:8000/artifactory/api/npm/apj-npm/path-exists/-/path-exists-4.0.0.tgz#513bdbe2d3b95d7762e8c1137efa195c6c61b5b3"
    integrity sha512-ak9Qy5Q7jYb2Wwcey5Fpvg2KoAc/ZIhLSLOSBmRmygPsGwkVVt0fZa0qrtMz+m6tJTAHfZQ8FnmB4MG4LWy7/w==
  
  path-key@^3.1.0:
    version "3.1.1"
    resolved "http://edge.artifactory.corp.yahoo.co.jp:8000/artifactory/api/npm/apj-npm/path-key/-/path-key-3.1.1.tgz#581f6ade658cbba65a0d3380de7753295054f375"
    integrity sha512-ojmeN0qd+y0jszEtoY48r0Peq5dwMEkIlCOu6Q5f41lfkswXuKtYrhgoTpLnyIcHm24Uhqx+5Tqm2InSwLhE6Q==
  
  path-parse@^1.0.7:
    version "1.0.7"
    resolved "http://edge.artifactory.corp.yahoo.co.jp:8000/artifactory/api/npm/apj-npm/path-parse/-/path-parse-1.0.7.tgz#fbc114b60ca42b30d9daf5858e4bd68bbedb6735"
    integrity sha512-LDJzPVEEEPR+y48z93A0Ed0yXb8pAByGWo/k5YYdYgpY2/2EsOsksJrq7lOHxryrVOn1ejG6oAp8ahvOIQD8sw==
  
  path@^0.12.7:
    version "0.12.7"
    resolved "http://edge.artifactory.corp.yahoo.co.jp:8000/artifactory/api/npm/apj-npm/path/-/path-0.12.7.tgz#d4dc2a506c4ce2197eb481ebfcd5b36c0140b10f"
    integrity sha512-aXXC6s+1w7otVF9UletFkFcDsJeO7lSZBPUQhtb5O0xJe8LtYhj/GxldoL09bBj9+ZmE2hNoHqQSFMN5fikh4Q==
    dependencies:
      process "^0.11.1"
      util "^0.10.3"
  
  pend@~1.2.0:
    version "1.2.0"
    resolved "http://edge.artifactory.corp.yahoo.co.jp:8000/artifactory/api/npm/apj-npm/pend/-/pend-1.2.0.tgz#7a57eb550a6783f9115331fcf4663d5c8e007a50"
    integrity sha512-F3asv42UuXchdzt+xXqfW1OGlVBe+mxa2mqI0pg5yAHZPvFmY3Y6drSf/GQ1A86WgWEN9Kzh/WrgKa6iGcHXLg==
  
  picocolors@^1.0.0:
    version "1.0.0"
    resolved "http://edge.artifactory.corp.yahoo.co.jp:8000/artifactory/api/npm/apj-npm/picocolors/-/picocolors-1.0.0.tgz#cb5bdc74ff3f51892236eaf79d68bc44564ab81c"
    integrity sha512-1fygroTLlHu66zi26VoTDv8yRgm0Fccecssto+MhsZ0D/DGW2sm8E8AjW7NU5VVTRt5GxbeZ5qBuJr+HyLYkjQ==
  
  picomatch@^2.3.1:
    version "2.3.1"
    resolved "http://edge.artifactory.corp.yahoo.co.jp:8000/artifactory/api/npm/apj-npm/picomatch/-/picomatch-2.3.1.tgz#3ba3833733646d9d3e4995946c1365a67fb07a42"
    integrity sha512-JU3teHTNjmE2VCGFzuY8EXzCDVwEqB2a8fsIvwaStHhAWJEeVd1o1QD80CU6+ZdEXXSLbSsuLwJjkCBWqRQUVA==
  
  pkg-dir@^4.2.0:
    version "4.2.0"
    resolved "http://edge.artifactory.corp.yahoo.co.jp:8000/artifactory/api/npm/apj-npm/pkg-dir/-/pkg-dir-4.2.0.tgz#f099133df7ede422e81d1d8448270eeb3e4261f3"
    integrity sha512-HRDzbaKjC+AOWVXxAU/x54COGeIv9eb+6CkDSQoNTt4XyWoIJvuPsXizxu/Fr23EiekbtZwmh1IcIG/l/a10GQ==
    dependencies:
      find-up "^4.0.0"
  
  process@^0.11.1:
    version "0.11.10"
    resolved "http://edge.artifactory.corp.yahoo.co.jp:8000/artifactory/api/npm/apj-npm/process/-/process-0.11.10.tgz#7332300e840161bda3e69a1d1d91a7d4bc16f182"
    integrity sha512-cdGef/drWFoydD1JsMzuFf8100nZl+GT+yacc2bEced5f9Rjk4z+WtFUTBu9PhOi9j/jfmBPu0mMEY4wIdAF8A==
  
  progress@^2.0.3:
    version "2.0.3"
    resolved "http://edge.artifactory.corp.yahoo.co.jp:8000/artifactory/api/npm/apj-npm/progress/-/progress-2.0.3.tgz#7e8cf8d8f5b8f239c1bc68beb4eb78567d572ef8"
    integrity sha512-7PiHtLll5LdnKIMw100I+8xJXR5gW2QwWYkT6iJva0bXitZKa/XMrSbdmg3r2Xnaidz9Qumd0VPaMrZlF9V9sA==
  
  prop-types-extra@^1.1.0:
    version "1.1.1"
    resolved "http://edge.artifactory.corp.yahoo.co.jp:8000/artifactory/api/npm/apj-npm/prop-types-extra/-/prop-types-extra-1.1.1.tgz#58c3b74cbfbb95d304625975aa2f0848329a010b"
    integrity sha512-59+AHNnHYCdiC+vMwY52WmvP5dM3QLeoumYuEyceQDi9aEhtwN9zIQ2ZNo25sMyXnbh32h+P1ezDsUpUH3JAew==
    dependencies:
      react-is "^16.3.2"
      warning "^4.0.0"
  
  prop-types@^15.6.2, prop-types@^15.8.1:
    version "15.8.1"
    resolved "http://edge.artifactory.corp.yahoo.co.jp:8000/artifactory/api/npm/apj-npm/prop-types/-/prop-types-15.8.1.tgz#67d87bf1a694f48435cf332c24af10214a3140b5"
    integrity sha512-oj87CgZICdulUohogVAR7AjlC0327U4el4L6eAvOqCeudMDVU0NThNaV+b9Df4dXgSP1gXMTnPdhfe/2qDH5cg==
    dependencies:
      loose-envify "^1.4.0"
      object-assign "^4.1.1"
      react-is "^16.13.1"
  
  pump@^3.0.0:
    version "3.0.0"
    resolved "http://edge.artifactory.corp.yahoo.co.jp:8000/artifactory/api/npm/apj-npm/pump/-/pump-3.0.0.tgz#b4a2116815bde2f4e1ea602354e8c75565107a64"
    integrity sha512-LwZy+p3SFs1Pytd/jYct4wpv49HiYCqd9Rlc5ZVdk0V+8Yzv6jR5Blk3TRmPL1ft69TxP0IMZGJ+WPFU2BFhww==
    dependencies:
      end-of-stream "^1.1.0"
      once "^1.3.1"
  
  punycode@^2.1.0:
    version "2.3.0"
    resolved "http://edge.artifactory.corp.yahoo.co.jp:8000/artifactory/api/npm/apj-npm/punycode/-/punycode-2.3.0.tgz#f67fa67c94da8f4d0cfff981aee4118064199b8f"
    integrity sha512-rRV+zQD8tVFys26lAGR9WUuS4iUAngJScM+ZRSKtvl5tKeZ2t5bvdNFdNHBW9FWR4guGHlgmsZ1G7BSm2wTbuA==
  
  quick-lru@^5.1.1:
    version "5.1.1"
    resolved "http://edge.artifactory.corp.yahoo.co.jp:8000/artifactory/api/npm/apj-npm/quick-lru/-/quick-lru-5.1.1.tgz#366493e6b3e42a3a6885e2e99d18f80fb7a8c932"
    integrity sha512-WuyALRjWPDGtt/wzJiadO5AXY+8hZ80hVpe6MyivgraREW751X3SbhRvG3eLKOYN+8VEvqLcf3wdnt44Z4S4SA==
  
  randombytes@^2.1.0:
    version "2.1.0"
    resolved "http://edge.artifactory.corp.yahoo.co.jp:8000/artifactory/api/npm/apj-npm/randombytes/-/randombytes-2.1.0.tgz#df6f84372f0270dc65cdf6291349ab7a473d4f2a"
    integrity sha512-vYl3iOX+4CKUWuxGi9Ukhie6fsqXqS9FE2Zaic4tNFD2N2QQaXOMFbuKK4QmDHC0JO6B1Zp41J0LpT0oR68amQ==
    dependencies:
      safe-buffer "^5.1.0"
  
  react-bootstrap@^2.8.0:
    version "2.8.0"
    resolved "http://edge.artifactory.corp.yahoo.co.jp:8000/artifactory/api/npm/apj-npm/react-bootstrap/-/react-bootstrap-2.8.0.tgz#781f254b33090c1d50ed521b40697727267c6add"
    integrity sha512-e/aNtxl0Z2ozrIaR82jr6Zz7ss9GSoaXpQaxmvtDUsTZIq/XalkduR/ZXP6vbQHz2T4syvjA+4FbtwELxxmpww==
    dependencies:
      "@babel/runtime" "^7.21.0"
      "@restart/hooks" "^0.4.9"
      "@restart/ui" "^1.6.3"
      "@types/react-transition-group" "^4.4.5"
      classnames "^2.3.2"
      dom-helpers "^5.2.1"
      invariant "^2.2.4"
      prop-types "^15.8.1"
      prop-types-extra "^1.1.0"
      react-transition-group "^4.4.5"
      uncontrollable "^7.2.1"
      warning "^4.0.3"
  
  react-chartjs-2@^5.2.0:
    version "5.2.0"
    resolved "http://edge.artifactory.corp.yahoo.co.jp:8000/artifactory/api/npm/apj-npm/react-chartjs-2/-/react-chartjs-2-5.2.0.tgz#43c1e3549071c00a1a083ecbd26c1ad34d385f5d"
    integrity sha512-98iN5aguJyVSxp5U3CblRLH67J8gkfyGNbiK3c+l1QI/G4irHMPQw44aEPmjVag+YKTyQ260NcF82GTQ3bdscA==
  
  react-dom@^18.2.0:
    version "18.2.0"
    resolved "http://edge.artifactory.corp.yahoo.co.jp:8000/artifactory/api/npm/apj-npm/react-dom/-/react-dom-18.2.0.tgz#22aaf38708db2674ed9ada224ca4aa708d821e3d"
    integrity sha512-6IMTriUmvsjHUjNtEDudZfuDQUoWXVxKHhlEGSk81n4YFS+r/Kl99wXiwlVXtPBtJenozv2P+hxDsw9eA7Xo6g==
    dependencies:
      loose-envify "^1.1.0"
      scheduler "^0.23.0"
  
  react-icons@^4.10.1:
    version "4.10.1"
    resolved "http://edge.artifactory.corp.yahoo.co.jp:8000/artifactory/api/npm/apj-npm/react-icons/-/react-icons-4.10.1.tgz#3f3b5eec1f63c1796f6a26174a1091ca6437a500"
    integrity sha512-/ngzDP/77tlCfqthiiGNZeYFACw85fUjZtLbedmJ5DTlNDIwETxhwBzdOJ21zj4iJdvc0J3y7yOsX3PpxAJzrw==
  
  react-is@^16.13.1, react-is@^16.3.2:
    version "16.13.1"
    resolved "http://edge.artifactory.corp.yahoo.co.jp:8000/artifactory/api/npm/apj-npm/react-is/-/react-is-16.13.1.tgz#789729a4dc36de2999dc156dd6c1d9c18cea56a4"
    integrity sha512-24e6ynE2H+OKt4kqsOvNd8kBpV65zoxbA4BVsEOB3ARVWQki/DHzaUoC5KuON/BiccDaCCTZBuOcfZs70kR8bQ==
  
  react-lifecycles-compat@^3.0.4:
    version "3.0.4"
    resolved "http://edge.artifactory.corp.yahoo.co.jp:8000/artifactory/api/npm/apj-npm/react-lifecycles-compat/-/react-lifecycles-compat-3.0.4.tgz#4f1a273afdfc8f3488a8c516bfda78f872352362"
    integrity sha512-fBASbA6LnOU9dOU2eW7aQ8xmYBSXUIWr+UmF9b1efZBazGNO+rcXT/icdKnYm2pTwcRylVUYwW7H1PHfLekVzA==
  
  react-transition-group@^4.4.5:
    version "4.4.5"
    resolved "http://edge.artifactory.corp.yahoo.co.jp:8000/artifactory/api/npm/apj-npm/react-transition-group/-/react-transition-group-4.4.5.tgz#e53d4e3f3344da8521489fbef8f2581d42becdd1"
    integrity sha512-pZcd1MCJoiKiBR2NRxeCRg13uCXbydPnmB4EOeRrY7480qNWO8IIgQG6zlDkm6uRMsURXPuKq0GWtiM59a5Q6g==
    dependencies:
      "@babel/runtime" "^7.5.5"
      dom-helpers "^5.0.1"
      loose-envify "^1.4.0"
      prop-types "^15.6.2"
  
  react@^18.2.0:
    version "18.2.0"
    resolved "http://edge.artifactory.corp.yahoo.co.jp:8000/artifactory/api/npm/apj-npm/react/-/react-18.2.0.tgz#555bd98592883255fa00de14f1151a917b5d77d5"
    integrity sha512-/3IjMdb2L9QbBdWiW5e3P2/npwMBaU9mHCSCUzNln0ZCYbcfTsGbTJrU/kGemdH2IWmB2ioZ+zkxtmq6g09fGQ==
    dependencies:
      loose-envify "^1.1.0"
  
  rechoir@^0.8.0:
    version "0.8.0"
    resolved "http://edge.artifactory.corp.yahoo.co.jp:8000/artifactory/api/npm/apj-npm/rechoir/-/rechoir-0.8.0.tgz#49f866e0d32146142da3ad8f0eff352b3215ff22"
    integrity sha512-/vxpCXddiX8NGfGO/mTafwjq4aFa/71pvamip0++IQk3zG8cbCj0fifNPrjjF1XMXUne91jL9OoxmdykoEtifQ==
    dependencies:
      resolve "^1.20.0"
  
  regenerator-runtime@^0.14.0:
    version "0.14.0"
    resolved "http://edge.artifactory.corp.yahoo.co.jp:8000/artifactory/api/npm/apj-npm/regenerator-runtime/-/regenerator-runtime-0.14.0.tgz#5e19d68eb12d486f797e15a3c6a918f7cec5eb45"
    integrity sha512-srw17NI0TUWHuGa5CFGGmhfNIeja30WMBfbslPNhf6JrqQlLN5gcrvig1oqPxiVaXb0oW0XRKtH6Nngs5lKCIA==
  
  resolve-alpn@^1.0.0:
    version "1.2.1"
    resolved "http://edge.artifactory.corp.yahoo.co.jp:8000/artifactory/api/npm/apj-npm/resolve-alpn/-/resolve-alpn-1.2.1.tgz#b7adbdac3546aaaec20b45e7d8265927072726f9"
    integrity sha512-0a1F4l73/ZFZOakJnQ3FvkJ2+gSTQWz/r2KE5OdDY0TxPm5h4GkqkWWfM47T7HsbnOtcJVEF4epCVy6u7Q3K+g==
  
  resolve-cwd@^3.0.0:
    version "3.0.0"
    resolved "http://edge.artifactory.corp.yahoo.co.jp:8000/artifactory/api/npm/apj-npm/resolve-cwd/-/resolve-cwd-3.0.0.tgz#0f0075f1bb2544766cf73ba6a6e2adfebcb13f2d"
    integrity sha512-OrZaX2Mb+rJCpH/6CpSqt9xFVpN++x01XnN2ie9g6P5/3xelLAkXWVADpdz1IHD/KFfEXyE6V0U01OQ3UO2rEg==
    dependencies:
      resolve-from "^5.0.0"
  
  resolve-from@^5.0.0:
    version "5.0.0"
    resolved "http://edge.artifactory.corp.yahoo.co.jp:8000/artifactory/api/npm/apj-npm/resolve-from/-/resolve-from-5.0.0.tgz#c35225843df8f776df21c57557bc087e9dfdfc69"
    integrity sha512-qYg9KP24dD5qka9J47d0aVky0N+b4fTU89LN9iDnjB5waksiC49rvMB0PrUJQGoTmH50XPiqOvAjDfaijGxYZw==
  
  resolve@^1.20.0:
    version "1.22.4"
    resolved "http://edge.artifactory.corp.yahoo.co.jp:8000/artifactory/api/npm/apj-npm/resolve/-/resolve-1.22.4.tgz#1dc40df46554cdaf8948a486a10f6ba1e2026c34"
    integrity sha512-PXNdCiPqDqeUou+w1C2eTQbNfxKSuMxqTCuvlmmMsk1NWHL5fRrhY6Pl0qEYYc6+QqGClco1Qj8XnjPego4wfg==
    dependencies:
      is-core-module "^2.13.0"
      path-parse "^1.0.7"
      supports-preserve-symlinks-flag "^1.0.0"
  
  responselike@^2.0.0:
    version "2.0.1"
    resolved "http://edge.artifactory.corp.yahoo.co.jp:8000/artifactory/api/npm/apj-npm/responselike/-/responselike-2.0.1.tgz#9a0bc8fdc252f3fb1cca68b016591059ba1422bc"
    integrity sha512-4gl03wn3hj1HP3yzgdI7d3lCkF95F21Pz4BPGvKHinyQzALR5CapwC8yIi0Rh58DEMQ/SguC03wFj2k0M/mHhw==
    dependencies:
      lowercase-keys "^2.0.0"
  
  roarr@^2.15.3:
    version "2.15.4"
    resolved "http://edge.artifactory.corp.yahoo.co.jp:8000/artifactory/api/npm/apj-npm/roarr/-/roarr-2.15.4.tgz#f5fe795b7b838ccfe35dc608e0282b9eba2e7afd"
    integrity sha512-CHhPh+UNHD2GTXNYhPWLnU8ONHdI+5DI+4EYIAOaiD63rHeYlZvyh8P+in5999TTSFgUYuKUAjzRI4mdh/p+2A==
    dependencies:
      boolean "^3.0.1"
      detect-node "^2.0.4"
      globalthis "^1.0.1"
      json-stringify-safe "^5.0.1"
      semver-compare "^1.0.0"
      sprintf-js "^1.1.2"
  
  safe-buffer@^5.1.0:
    version "5.2.1"
    resolved "http://edge.artifactory.corp.yahoo.co.jp:8000/artifactory/api/npm/apj-npm/safe-buffer/-/safe-buffer-5.2.1.tgz#1eaf9fa9bdb1fdd4ec75f58f9cdb4e6b7827eec6"
    integrity sha512-rp3So07KcdmmKbGvgaNxQSJr7bGVSVk5S9Eq1F+ppbRo70+YeaDxkw5Dd8NPN+GD6bjnYm2VuPuCXmpuYvmCXQ==
  
  scheduler@^0.23.0:
    version "0.23.0"
    resolved "http://edge.artifactory.corp.yahoo.co.jp:8000/artifactory/api/npm/apj-npm/scheduler/-/scheduler-0.23.0.tgz#ba8041afc3d30eb206a487b6b384002e4e61fdfe"
    integrity sha512-CtuThmgHNg7zIZWAXi3AsyIzA3n4xx7aNyjwC2VJldO2LMVDhFK+63xGqq6CsJH4rTAt6/M+N4GhZiDYPx9eUw==
    dependencies:
      loose-envify "^1.1.0"
  
  schema-utils@^3.1.1, schema-utils@^3.2.0:
    version "3.3.0"
    resolved "http://edge.artifactory.corp.yahoo.co.jp:8000/artifactory/api/npm/apj-npm/schema-utils/-/schema-utils-3.3.0.tgz#f50a88877c3c01652a15b622ae9e9795df7a60fe"
    integrity sha512-pN/yOAvcC+5rQ5nERGuwrjLlYvLTbCibnZ1I7B1LaiAz9BRBlE9GMgE/eqV30P7aJQUf7Ddimy/RsbYO/GrVGg==
    dependencies:
      "@types/json-schema" "^7.0.8"
      ajv "^6.12.5"
      ajv-keywords "^3.5.2"
  
  semver-compare@^1.0.0:
    version "1.0.0"
    resolved "http://edge.artifactory.corp.yahoo.co.jp:8000/artifactory/api/npm/apj-npm/semver-compare/-/semver-compare-1.0.0.tgz#0dee216a1c941ab37e9efb1788f6afc5ff5537fc"
    integrity sha512-YM3/ITh2MJ5MtzaM429anh+x2jiLVjqILF4m4oyQB18W7Ggea7BfqdH/wGMK7dDiMghv/6WG7znWMwUDzJiXow==
  
  semver@^6.2.0:
    version "6.3.1"
    resolved "http://edge.artifactory.corp.yahoo.co.jp:8000/artifactory/api/npm/apj-npm/semver/-/semver-6.3.1.tgz#556d2ef8689146e46dcea4bfdd095f3434dffcb4"
    integrity sha512-BR7VvDCVHO+q2xBEWskxS6DJE1qRnb7DxzUrogb71CWoSficBxYsiAGd+Kl0mmq/MprG9yArRkyrQxTO6XjMzA==
  
  semver@^7.3.2, semver@^7.3.4:
    version "7.5.4"
    resolved "http://edge.artifactory.corp.yahoo.co.jp:8000/artifactory/api/npm/apj-npm/semver/-/semver-7.5.4.tgz#483986ec4ed38e1c6c48c34894a9182dbff68a6e"
    integrity sha512-1bCSESV6Pv+i21Hvpxp3Dx+pSD8lIPt8uVjRrxAUt/nbswYc+tK6Y2btiULjd4+fnq15PX+nqQDC7Oft7WkwcA==
    dependencies:
      lru-cache "^6.0.0"
  
  serialize-error@^7.0.1:
    version "7.0.1"
    resolved "http://edge.artifactory.corp.yahoo.co.jp:8000/artifactory/api/npm/apj-npm/serialize-error/-/serialize-error-7.0.1.tgz#f1360b0447f61ffb483ec4157c737fab7d778e18"
    integrity sha512-8I8TjW5KMOKsZQTvoxjuSIa7foAwPWGOts+6o7sgjz41/qMD9VQHEDxi6PBvK2l0MXUmqZyNpUK+T2tQaaElvw==
    dependencies:
      type-fest "^0.13.1"
  
  serialize-javascript@^6.0.1:
    version "6.0.1"
    resolved "http://edge.artifactory.corp.yahoo.co.jp:8000/artifactory/api/npm/apj-npm/serialize-javascript/-/serialize-javascript-6.0.1.tgz#b206efb27c3da0b0ab6b52f48d170b7996458e5c"
    integrity sha512-owoXEFjWRllis8/M1Q+Cw5k8ZH40e3zhp/ovX+Xr/vi1qj6QesbyXXViFbpNvWvPNAD62SutwEXavefrLJWj7w==
    dependencies:
      randombytes "^2.1.0"
  
  shallow-clone@^3.0.0:
    version "3.0.1"
    resolved "http://edge.artifactory.corp.yahoo.co.jp:8000/artifactory/api/npm/apj-npm/shallow-clone/-/shallow-clone-3.0.1.tgz#8f2981ad92531f55035b01fb230769a40e02efa3"
    integrity sha512-/6KqX+GVUdqPuPPd2LxDDxzX6CAbjJehAAOKlNpqqUpAqPM6HeL8f+o3a+JsyGjn2lv0WY8UsTgUJjU9Ok55NA==
    dependencies:
      kind-of "^6.0.2"
  
  shebang-command@^2.0.0:
    version "2.0.0"
    resolved "http://edge.artifactory.corp.yahoo.co.jp:8000/artifactory/api/npm/apj-npm/shebang-command/-/shebang-command-2.0.0.tgz#ccd0af4f8835fbdc265b82461aaf0c36663f34ea"
    integrity sha512-kHxr2zZpYtdmrN1qDjrrX/Z1rR1kG8Dx+gkpK1G4eXmvXswmcE1hTWBWYUzlraYw1/yZp6YuDY77YtvbN0dmDA==
    dependencies:
      shebang-regex "^3.0.0"
  
  shebang-regex@^3.0.0:
    version "3.0.0"
    resolved "http://edge.artifactory.corp.yahoo.co.jp:8000/artifactory/api/npm/apj-npm/shebang-regex/-/shebang-regex-3.0.0.tgz#ae16f1644d873ecad843b0307b143362d4c42172"
    integrity sha512-7++dFhtcx3353uBaq8DDR4NuxBetBzC7ZQOhmTQInHEd6bSrXdiEyzCvG07Z44UYdLShWUyXt5M/yhz8ekcb1A==
  
  source-map-support@~0.5.20:
    version "0.5.21"
    resolved "http://edge.artifactory.corp.yahoo.co.jp:8000/artifactory/api/npm/apj-npm/source-map-support/-/source-map-support-0.5.21.tgz#04fe7c7f9e1ed2d662233c28cb2b35b9f63f6e4f"
    integrity sha512-uBHU3L3czsIyYXKX88fdrGovxdSCoTGDRZ6SYXtSRxLZUzHg5P/66Ht6uoUlHu9EZod+inXhKo3qQgwXUT/y1w==
    dependencies:
      buffer-from "^1.0.0"
      source-map "^0.6.0"
  
  source-map@^0.6.0:
    version "0.6.1"
    resolved "http://edge.artifactory.corp.yahoo.co.jp:8000/artifactory/api/npm/apj-npm/source-map/-/source-map-0.6.1.tgz#74722af32e9614e9c287a8d0bbde48b5e2f1a263"
    integrity sha512-UjgapumWlbMhkBgzT7Ykc5YXUT46F0iKu8SGXq0bcwP5dz/h0Plj6enJqjz1Zbq2l5WaqYnrVbwWOWMyF3F47g==
  
  sprintf-js@^1.1.2:
    version "1.1.2"
    resolved "http://edge.artifactory.corp.yahoo.co.jp:8000/artifactory/api/npm/apj-npm/sprintf-js/-/sprintf-js-1.1.2.tgz#da1765262bf8c0f571749f2ad6c26300207ae673"
    integrity sha512-VE0SOVEHCk7Qc8ulkWw3ntAzXuqf7S2lvwQaDLRnUeIEaKNQJzV6BwmLKhOqT61aGhfUMrXeaBk+oDGCzvhcug==
  
  sumchecker@^3.0.1:
    version "3.0.1"
    resolved "http://edge.artifactory.corp.yahoo.co.jp:8000/artifactory/api/npm/apj-npm/sumchecker/-/sumchecker-3.0.1.tgz#6377e996795abb0b6d348e9b3e1dfb24345a8e42"
    integrity sha512-MvjXzkz/BOfyVDkG0oFOtBxHX2u3gKbMHIF/dXblZsgD3BWOFLmHovIpZY7BykJdAjcqRCBi1WYBNdEC9yI7vg==
    dependencies:
      debug "^4.1.0"
  
  supports-color@^7.1.0:
    version "7.2.0"
    resolved "http://edge.artifactory.corp.yahoo.co.jp:8000/artifactory/api/npm/apj-npm/supports-color/-/supports-color-7.2.0.tgz#1b7dcdcb32b8138801b3e478ba6a51caa89648da"
    integrity sha512-qpCAvRl9stuOHveKsn7HncJRvv501qIacKzQlO/+Lwxc9+0q2wLyv4Dfvt80/DPn2pqOBsJdDiogXGR9+OvwRw==
    dependencies:
      has-flag "^4.0.0"
  
  supports-color@^8.0.0:
    version "8.1.1"
    resolved "http://edge.artifactory.corp.yahoo.co.jp:8000/artifactory/api/npm/apj-npm/supports-color/-/supports-color-8.1.1.tgz#cd6fc17e28500cff56c1b86c0a7fd4a54a73005c"
    integrity sha512-MpUEN2OodtUzxvKQl72cUF7RQ5EiHsGvSsVG0ia9c5RbWGL2CI4C7EpPS8UTBIplnlzZiNuV56w+FuNxy3ty2Q==
    dependencies:
      has-flag "^4.0.0"
  
  supports-preserve-symlinks-flag@^1.0.0:
    version "1.0.0"
    resolved "http://edge.artifactory.corp.yahoo.co.jp:8000/artifactory/api/npm/apj-npm/supports-preserve-symlinks-flag/-/supports-preserve-symlinks-flag-1.0.0.tgz#6eda4bd344a3c94aea376d4cc31bc77311039e09"
    integrity sha512-ot0WnXS9fgdkgIcePe6RHNk1WA8+muPa6cSjeR3V8K27q9BB1rTE3R1p7Hv0z1ZyAc8s6Vvv8DIyWf681MAt0w==
  
  tapable@^2.1.1, tapable@^2.2.0:
    version "2.2.1"
    resolved "http://edge.artifactory.corp.yahoo.co.jp:8000/artifactory/api/npm/apj-npm/tapable/-/tapable-2.2.1.tgz#1967a73ef4060a82f12ab96af86d52fdb76eeca0"
    integrity sha512-GNzQvQTOIP6RyTfE2Qxb8ZVlNmw0n88vp1szwWRimP02mnTsx3Wtn5qRdqY9w2XduFNUgvOwhNnQsjwCp+kqaQ==
  
  terser-webpack-plugin@^5.3.7:
    version "5.3.9"
    resolved "http://edge.artifactory.corp.yahoo.co.jp:8000/artifactory/api/npm/apj-npm/terser-webpack-plugin/-/terser-webpack-plugin-5.3.9.tgz#832536999c51b46d468067f9e37662a3b96adfe1"
    integrity sha512-ZuXsqE07EcggTWQjXUj+Aot/OMcD0bMKGgF63f7UxYcu5/AJF53aIpK1YoP5xR9l6s/Hy2b+t1AM0bLNPRuhwA==
    dependencies:
      "@jridgewell/trace-mapping" "^0.3.17"
      jest-worker "^27.4.5"
      schema-utils "^3.1.1"
      serialize-javascript "^6.0.1"
      terser "^5.16.8"
  
  terser@^5.16.8:
    version "5.19.2"
    resolved "http://edge.artifactory.corp.yahoo.co.jp:8000/artifactory/api/npm/apj-npm/terser/-/terser-5.19.2.tgz#bdb8017a9a4a8de4663a7983f45c506534f9234e"
    integrity sha512-qC5+dmecKJA4cpYxRa5aVkKehYsQKc+AHeKl0Oe62aYjBL8ZA33tTljktDHJSaxxMnbI5ZYw+o/S2DxxLu8OfA==
    dependencies:
      "@jridgewell/source-map" "^0.3.3"
      acorn "^8.8.2"
      commander "^2.20.0"
      source-map-support "~0.5.20"
  
  to-regex-range@^5.0.1:
    version "5.0.1"
    resolved "http://edge.artifactory.corp.yahoo.co.jp:8000/artifactory/api/npm/apj-npm/to-regex-range/-/to-regex-range-5.0.1.tgz#1648c44aae7c8d988a326018ed72f5b4dd0392e4"
    integrity sha512-65P7iz6X5yEr1cwcgvQxbbIw7Uk3gOy5dIdtZ4rDveLqhrdJP+Li/Hx6tyK0NEb+2GCyneCMJiGqrADCSNk8sQ==
    dependencies:
      is-number "^7.0.0"
  
  ts-loader@^9.4.4:
    version "9.4.4"
    resolved "http://edge.artifactory.corp.yahoo.co.jp:8000/artifactory/api/npm/apj-npm/ts-loader/-/ts-loader-9.4.4.tgz#6ceaf4d58dcc6979f84125335904920884b7cee4"
    integrity sha512-MLukxDHBl8OJ5Dk3y69IsKVFRA/6MwzEqBgh+OXMPB/OD01KQuWPFd1WAQP8a5PeSCAxfnkhiuWqfmFJzJQt9w==
    dependencies:
      chalk "^4.1.0"
      enhanced-resolve "^5.0.0"
      micromatch "^4.0.0"
      semver "^7.3.4"
  
  tslib@^2.4.0:
    version "2.6.1"
    resolved "http://edge.artifactory.corp.yahoo.co.jp:8000/artifactory/api/npm/apj-npm/tslib/-/tslib-2.6.1.tgz#fd8c9a0ff42590b25703c0acb3de3d3f4ede0410"
    integrity sha512-t0hLfiEKfMUoqhG+U1oid7Pva4bbDPHYfJNiB7BiIjRkj1pyC++4N3huJfqY6aRH6VTB0rvtzQwjM4K6qpfOig==
  
  type-fest@^0.13.1:
    version "0.13.1"
    resolved "http://edge.artifactory.corp.yahoo.co.jp:8000/artifactory/api/npm/apj-npm/type-fest/-/type-fest-0.13.1.tgz#0172cb5bce80b0bd542ea348db50c7e21834d934"
    integrity sha512-34R7HTnG0XIJcBSn5XhDd7nNFPRcXYRZrBB2O2jdKqYODldSzBAqzsWoZYYvduky73toYS/ESqxPvkDf/F0XMg==
  
  typescript@^5.1.6:
    version "5.1.6"
    resolved "http://edge.artifactory.corp.yahoo.co.jp:8000/artifactory/api/npm/apj-npm/typescript/-/typescript-5.1.6.tgz#02f8ac202b6dad2c0dd5e0913745b47a37998274"
    integrity sha512-zaWCozRZ6DLEWAWFrVDz1H6FVXzUSfTy5FUMWsQlU8Ym5JP9eO4xkTIROFCQvhQf61z6O/G6ugw3SgAnvvm+HA==
  
  uncontrollable@^7.2.1:
    version "7.2.1"
    resolved "http://edge.artifactory.corp.yahoo.co.jp:8000/artifactory/api/npm/apj-npm/uncontrollable/-/uncontrollable-7.2.1.tgz#1fa70ba0c57a14d5f78905d533cf63916dc75738"
    integrity sha512-svtcfoTADIB0nT9nltgjujTi7BzVmwjZClOmskKu/E8FW9BXzg9os8OLr4f8Dlnk0rYWJIWr4wv9eKUXiQvQwQ==
    dependencies:
      "@babel/runtime" "^7.6.3"
      "@types/react" ">=16.9.11"
      invariant "^2.2.4"
      react-lifecycles-compat "^3.0.4"
  
  uncontrollable@^8.0.1:
    version "8.0.4"
    resolved "http://edge.artifactory.corp.yahoo.co.jp:8000/artifactory/api/npm/apj-npm/uncontrollable/-/uncontrollable-8.0.4.tgz#a0a8307f638795162fafd0550f4a1efa0f8c5eb6"
    integrity sha512-ulRWYWHvscPFc0QQXvyJjY6LIXU56f0h8pQFvhxiKk5V1fcI8gp9Ht9leVAhrVjzqMw0BgjspBINx9r6oyJUvQ==
  
  universalify@^0.1.0:
    version "0.1.2"
    resolved "http://edge.artifactory.corp.yahoo.co.jp:8000/artifactory/api/npm/apj-npm/universalify/-/universalify-0.1.2.tgz#b646f69be3942dabcecc9d6639c80dc105efaa66"
    integrity sha512-rBJeI5CXAlmy1pV+617WB9J63U6XcazHHF2f2dbJix4XzpUF0RS3Zbj0FGIOCAva5P/d/GBOYaACQ1w+0azUkg==
  
  update-browserslist-db@^1.0.11:
    version "1.0.11"
    resolved "http://edge.artifactory.corp.yahoo.co.jp:8000/artifactory/api/npm/apj-npm/update-browserslist-db/-/update-browserslist-db-1.0.11.tgz#9a2a641ad2907ae7b3616506f4b977851db5b940"
    integrity sha512-dCwEFf0/oT85M1fHBg4F0jtLwJrutGoHSQXCh7u4o2t1drG+c0a9Flnqww6XUKSfQMPpJBRjU8d4RXB09qtvaA==
    dependencies:
      escalade "^3.1.1"
      picocolors "^1.0.0"
  
  uri-js@^4.2.2:
    version "4.4.1"
    resolved "http://edge.artifactory.corp.yahoo.co.jp:8000/artifactory/api/npm/apj-npm/uri-js/-/uri-js-4.4.1.tgz#9b1a52595225859e55f669d928f88c6c57f2a77e"
    integrity sha512-7rKUyy33Q1yc98pQ1DAmLtwX109F7TIfWlW1Ydo8Wl1ii1SeHieeh0HHfPeL2fMXK6z0s8ecKs9frCuLJvndBg==
    dependencies:
      punycode "^2.1.0"
  
  util@^0.10.3:
    version "0.10.4"
    resolved "http://edge.artifactory.corp.yahoo.co.jp:8000/artifactory/api/npm/apj-npm/util/-/util-0.10.4.tgz#3aa0125bfe668a4672de58857d3ace27ecb76901"
    integrity sha512-0Pm9hTQ3se5ll1XihRic3FDIku70C+iHUdT/W926rSgHV5QgXsYbKZN8MSC3tJtSkhuROzvsQjAaFENRXr+19A==
    dependencies:
      inherits "2.0.3"
  
  warning@^4.0.0, warning@^4.0.3:
    version "4.0.3"
    resolved "http://edge.artifactory.corp.yahoo.co.jp:8000/artifactory/api/npm/apj-npm/warning/-/warning-4.0.3.tgz#16e9e077eb8a86d6af7d64aa1e05fd85b4678ca3"
    integrity sha512-rpJyN222KWIvHJ/F53XSZv0Zl/accqHR8et1kpaMTD/fLCRxtV8iX8czMzY7sVZupTI3zcUTg8eycS2kNF9l6w==
    dependencies:
      loose-envify "^1.0.0"
  
  watchpack@^2.4.0:
    version "2.4.0"
    resolved "http://edge.artifactory.corp.yahoo.co.jp:8000/artifactory/api/npm/apj-npm/watchpack/-/watchpack-2.4.0.tgz#fa33032374962c78113f93c7f2fb4c54c9862a5d"
    integrity sha512-Lcvm7MGST/4fup+ifyKi2hjyIAwcdI4HRgtvTpIUxBRhB+RFtUh8XtDOxUfctVCnhVi+QQj49i91OyvzkJl6cg==
    dependencies:
      glob-to-regexp "^0.4.1"
      graceful-fs "^4.1.2"
  
  webpack-cli@^5.1.4:
    version "5.1.4"
    resolved "http://edge.artifactory.corp.yahoo.co.jp:8000/artifactory/api/npm/apj-npm/webpack-cli/-/webpack-cli-5.1.4.tgz#c8e046ba7eaae4911d7e71e2b25b776fcc35759b"
    integrity sha512-pIDJHIEI9LR0yxHXQ+Qh95k2EvXpWzZ5l+d+jIo+RdSm9MiHfzazIxwwni/p7+x4eJZuvG1AJwgC4TNQ7NRgsg==
    dependencies:
      "@discoveryjs/json-ext" "^0.5.0"
      "@webpack-cli/configtest" "^2.1.1"
      "@webpack-cli/info" "^2.0.2"
      "@webpack-cli/serve" "^2.0.5"
      colorette "^2.0.14"
      commander "^10.0.1"
      cross-spawn "^7.0.3"
      envinfo "^7.7.3"
      fastest-levenshtein "^1.0.12"
      import-local "^3.0.2"
      interpret "^3.1.1"
      rechoir "^0.8.0"
      webpack-merge "^5.7.3"
  
  webpack-merge@^5.7.3:
    version "5.9.0"
    resolved "http://edge.artifactory.corp.yahoo.co.jp:8000/artifactory/api/npm/apj-npm/webpack-merge/-/webpack-merge-5.9.0.tgz#dc160a1c4cf512ceca515cc231669e9ddb133826"
    integrity sha512-6NbRQw4+Sy50vYNTw7EyOn41OZItPiXB8GNv3INSoe3PSFaHJEz3SHTrYVaRm2LilNGnFUzh0FAwqPEmU/CwDg==
    dependencies:
      clone-deep "^4.0.1"
      wildcard "^2.0.0"
  
  webpack-sources@^3.2.3:
    version "3.2.3"
    resolved "http://edge.artifactory.corp.yahoo.co.jp:8000/artifactory/api/npm/apj-npm/webpack-sources/-/webpack-sources-3.2.3.tgz#2d4daab8451fd4b240cc27055ff6a0c2ccea0cde"
    integrity sha512-/DyMEOrDgLKKIG0fmvtz+4dUX/3Ghozwgm6iPp8KRhvn+eQf9+Q7GWxVNMk3+uCPWfdXYC4ExGBckIXdFEfH1w==
  
  webpack@^5.88.2:
    version "5.88.2"
    resolved "http://edge.artifactory.corp.yahoo.co.jp:8000/artifactory/api/npm/apj-npm/webpack/-/webpack-5.88.2.tgz#f62b4b842f1c6ff580f3fcb2ed4f0b579f4c210e"
    integrity sha512-JmcgNZ1iKj+aiR0OvTYtWQqJwq37Pf683dY9bVORwVbUrDhLhdn/PlO2sHsFHPkj7sHNQF3JwaAkp49V+Sq1tQ==
    dependencies:
      "@types/eslint-scope" "^3.7.3"
      "@types/estree" "^1.0.0"
      "@webassemblyjs/ast" "^1.11.5"
      "@webassemblyjs/wasm-edit" "^1.11.5"
      "@webassemblyjs/wasm-parser" "^1.11.5"
      acorn "^8.7.1"
      acorn-import-assertions "^1.9.0"
      browserslist "^4.14.5"
      chrome-trace-event "^1.0.2"
      enhanced-resolve "^5.15.0"
      es-module-lexer "^1.2.1"
      eslint-scope "5.1.1"
      events "^3.2.0"
      glob-to-regexp "^0.4.1"
      graceful-fs "^4.2.9"
      json-parse-even-better-errors "^2.3.1"
      loader-runner "^4.2.0"
      mime-types "^2.1.27"
      neo-async "^2.6.2"
      schema-utils "^3.2.0"
      tapable "^2.1.1"
      terser-webpack-plugin "^5.3.7"
      watchpack "^2.4.0"
      webpack-sources "^3.2.3"
  
  which@^2.0.1:
    version "2.0.2"
    resolved "http://edge.artifactory.corp.yahoo.co.jp:8000/artifactory/api/npm/apj-npm/which/-/which-2.0.2.tgz#7c6a8dd0a636a0327e10b59c9286eee93f3f51b1"
    integrity sha512-BLI3Tl1TW3Pvl70l3yq3Y64i+awpwXqsGBYWkkqMtnbXgrMD+yj7rhW0kuEDxzJaYXGjEW5ogapKNMEKNMjibA==
    dependencies:
      isexe "^2.0.0"
  
  wildcard@^2.0.0:
    version "2.0.1"
    resolved "http://edge.artifactory.corp.yahoo.co.jp:8000/artifactory/api/npm/apj-npm/wildcard/-/wildcard-2.0.1.tgz#5ab10d02487198954836b6349f74fff961e10f67"
    integrity sha512-CC1bOL87PIWSBhDcTrdeLo6eGT7mCFtrg0uIJtqJUFyK+eJnzl8A1niH56uu7KMa5XFrtiV+AQuHO3n7DsHnLQ==
  
  wrappy@1:
    version "1.0.2"
    resolved "http://edge.artifactory.corp.yahoo.co.jp:8000/artifactory/api/npm/apj-npm/wrappy/-/wrappy-1.0.2.tgz#b5243d8f3ec1aa35f1364605bc0d1036e30ab69f"
    integrity sha512-l4Sp/DRseor9wL6EvV2+TuQn63dMkPjZ/sp9XkghTEbV9KlPS1xUsZ3u7/IQO4wxtcFB4bgpQPRcR3QCvezPcQ==
  
  yallist@^4.0.0:
    version "4.0.0"
    resolved "http://edge.artifactory.corp.yahoo.co.jp:8000/artifactory/api/npm/apj-npm/yallist/-/yallist-4.0.0.tgz#9bb92790d9c0effec63be73519e11a35019a3a72"
    integrity sha512-3wdGidZyq5PB084XLES5TpOSRA3wjXAlIWMhum2kRcv/41Sn2emQ0dycQW4uZXLejwKvg6EsvbdlVL+FYEct7A==
  
  yauzl@^2.10.0:
    version "2.10.0"
    resolved "http://edge.artifactory.corp.yahoo.co.jp:8000/artifactory/api/npm/apj-npm/yauzl/-/yauzl-2.10.0.tgz#c7eb17c93e112cb1086fa6d8e51fb0667b79a5f9"
    integrity sha512-p4a9I6X6nu6IhoGmBqAcbJy1mlC4j27vEPZX9F4L4/vZT3Lyq1VkFHw/V/PUcB9Buo+DG3iHkT0x3Qya58zc3g==
    dependencies:
      buffer-crc32 "~0.2.3"
      fd-slicer "~1.1.0"
